[2017-12-25 09:01:39,437] DEBUG preRegister called. Server=com.sun.jmx.mbeanserver.JmxMBeanServer@66d3c617, name=log4j:logger=kafka.controller (kafka.controller)
[2017-12-25 09:01:49,267] INFO [Controller 0]: Controller starting up (kafka.controller.KafkaController)
[2017-12-25 09:01:49,337] INFO [Controller 0]: Broker 0 starting become controller state transition (kafka.controller.KafkaController)
[2017-12-25 09:01:49,337] INFO [Controller 0]: Initialized controller epoch to 2 and zk version 1 (kafka.controller.KafkaController)
[2017-12-25 09:01:49,366] INFO [Controller 0]: Controller 0 incremented epoch to 3 (kafka.controller.KafkaController)
[2017-12-25 09:01:49,368] DEBUG [Controller 0]: Registering IsrChangeNotificationListener (kafka.controller.KafkaController)
[2017-12-25 09:01:49,432] INFO [Controller 0]: Partitions undergoing preferred replica election:  (kafka.controller.KafkaController)
[2017-12-25 09:01:49,432] INFO [Controller 0]: Partitions that completed preferred replica election:  (kafka.controller.KafkaController)
[2017-12-25 09:01:49,432] INFO [Controller 0]: Resuming preferred replica election for partitions:  (kafka.controller.KafkaController)
[2017-12-25 09:01:49,432] INFO [Controller 0]: Partitions being reassigned: Map() (kafka.controller.KafkaController)
[2017-12-25 09:01:49,432] INFO [Controller 0]: Partitions already reassigned: Set() (kafka.controller.KafkaController)
[2017-12-25 09:01:49,432] INFO [Controller 0]: Resuming reassignment of partitions: Map() (kafka.controller.KafkaController)
[2017-12-25 09:01:49,437] INFO [Controller 0]: List of topics to be deleted:  (kafka.controller.KafkaController)
[2017-12-25 09:01:49,438] INFO [Controller 0]: List of topics ineligible for deletion: log (kafka.controller.KafkaController)
[2017-12-25 09:01:49,441] INFO [Controller 0]: Currently active brokers in the cluster: Set() (kafka.controller.KafkaController)
[2017-12-25 09:01:49,441] INFO [Controller 0]: Currently shutting brokers in the cluster: Set() (kafka.controller.KafkaController)
[2017-12-25 09:01:49,442] INFO [Controller 0]: Current list of topics in the cluster: Set(log) (kafka.controller.KafkaController)
[2017-12-25 09:01:49,456] INFO [Replica state machine on controller 0]: Started replica state machine with initial state -> Map([Topic=log,Partition=0,Replica=0] -> ReplicaDeletionIneligible) (kafka.controller.ReplicaStateMachine)
[2017-12-25 09:01:49,476] DEBUG [OfflinePartitionLeaderSelector]: No broker in ISR is alive for [log,0]. Pick the leader from the alive assigned replicas:  (kafka.controller.OfflinePartitionLeaderSelector)
[2017-12-25 09:01:49,516] INFO [Partition state machine on Controller 0]: Started partition state machine with initial state -> Map([log,0] -> OfflinePartition) (kafka.controller.PartitionStateMachine)
[2017-12-25 09:01:49,516] INFO [Controller 0]: Broker 0 is ready to serve as the new controller with epoch 3 (kafka.controller.KafkaController)
[2017-12-25 09:01:49,526] INFO [Controller 0]: Starting preferred replica leader election for partitions  (kafka.controller.KafkaController)
[2017-12-25 09:01:49,526] INFO [Partition state machine on Controller 0]: Invoking state change to OnlinePartition for partitions  (kafka.controller.PartitionStateMachine)
[2017-12-25 09:01:49,547] INFO [Controller 0]: starting the partition rebalance scheduler (kafka.controller.KafkaController)
[2017-12-25 09:01:49,547] INFO [Controller 0]: Controller startup complete (kafka.controller.KafkaController)
[2017-12-25 09:01:49,754] INFO [BrokerChangeListener on Controller 0]: Broker change listener fired for path /brokers/ids with children 0 (kafka.controller.ReplicaStateMachine$BrokerChangeListener)
[2017-12-25 09:01:49,785] INFO [BrokerChangeListener on Controller 0]: Newly added brokers: 0, deleted brokers: , all live brokers: 0 (kafka.controller.ReplicaStateMachine$BrokerChangeListener)
[2017-12-25 09:01:49,785] DEBUG [Channel manager on controller 0]: Controller 0 trying to connect to broker 0 (kafka.controller.ControllerChannelManager)
[2017-12-25 09:01:49,829] INFO [Controller 0]: New broker startup callback for 0 (kafka.controller.KafkaController)
[2017-12-25 09:01:49,829] INFO [Controller-0-to-broker-0-send-thread], Starting  (kafka.controller.RequestSendThread)
[2017-12-25 09:01:49,909] INFO [Replica state machine on controller 0]: Invoking state change to OnlineReplica for replicas [Topic=log,Partition=0,Replica=0] (kafka.controller.ReplicaStateMachine)
[2017-12-25 09:01:49,960] INFO [Controller-0-to-broker-0-send-thread], Controller 0 connected to Temp-PhuongHPT.fsoft.fpt.vn:9092 (id: 0 rack: null) for sending state change requests (kafka.controller.RequestSendThread)
[2017-12-25 09:01:50,000] DEBUG [OfflinePartitionLeaderSelector]: Some broker in ISR is alive for [log,0]. Select 0 from ISR 0 to be the leader. (kafka.controller.OfflinePartitionLeaderSelector)
[2017-12-25 09:01:50,010] INFO [OfflinePartitionLeaderSelector]: Selected new leader and ISR {"leader":0,"leader_epoch":2,"isr":[0]} for offline partition [log,0] (kafka.controller.OfflinePartitionLeaderSelector)
[2017-12-25 09:01:50,082] DEBUG [Partition state machine on Controller 0]: After leader election, leader cache is updated to Map([log,0] -> (Leader:0,ISR:0,LeaderEpoch:2,ControllerEpoch:3)) (kafka.controller.PartitionStateMachine)
[2017-12-25 09:01:54,553] TRACE [Controller 0]: checking need to trigger partition rebalance (kafka.controller.KafkaController)
[2017-12-25 09:01:54,555] DEBUG [Controller 0]: preferred replicas by broker Map(0 -> Map([log,0] -> List(0))) (kafka.controller.KafkaController)
[2017-12-25 09:01:54,557] DEBUG [Controller 0]: topics not in preferred replica Map() (kafka.controller.KafkaController)
[2017-12-25 09:01:54,572] TRACE [Controller 0]: leader imbalance ratio for broker 0 is 0.000000 (kafka.controller.KafkaController)
[2017-12-25 09:06:54,596] TRACE [Controller 0]: checking need to trigger partition rebalance (kafka.controller.KafkaController)
[2017-12-25 09:06:54,600] DEBUG [Controller 0]: preferred replicas by broker Map(0 -> Map([log,0] -> List(0))) (kafka.controller.KafkaController)
[2017-12-25 09:06:54,600] DEBUG [Controller 0]: topics not in preferred replica Map() (kafka.controller.KafkaController)
[2017-12-25 09:06:54,601] TRACE [Controller 0]: leader imbalance ratio for broker 0 is 0.000000 (kafka.controller.KafkaController)
[2017-12-25 09:11:54,583] TRACE [Controller 0]: checking need to trigger partition rebalance (kafka.controller.KafkaController)
[2017-12-25 09:11:54,583] DEBUG [Controller 0]: preferred replicas by broker Map(0 -> Map([log,0] -> List(0))) (kafka.controller.KafkaController)
[2017-12-25 09:11:54,583] DEBUG [Controller 0]: topics not in preferred replica Map() (kafka.controller.KafkaController)
[2017-12-25 09:11:54,583] TRACE [Controller 0]: leader imbalance ratio for broker 0 is 0.000000 (kafka.controller.KafkaController)
[2017-12-25 09:16:54,627] TRACE [Controller 0]: checking need to trigger partition rebalance (kafka.controller.KafkaController)
[2017-12-25 09:16:54,628] DEBUG [Controller 0]: preferred replicas by broker Map(0 -> Map([log,0] -> List(0))) (kafka.controller.KafkaController)
[2017-12-25 09:16:54,628] DEBUG [Controller 0]: topics not in preferred replica Map() (kafka.controller.KafkaController)
[2017-12-25 09:16:54,628] TRACE [Controller 0]: leader imbalance ratio for broker 0 is 0.000000 (kafka.controller.KafkaController)
[2017-12-25 09:21:54,671] TRACE [Controller 0]: checking need to trigger partition rebalance (kafka.controller.KafkaController)
[2017-12-25 09:21:54,671] DEBUG [Controller 0]: preferred replicas by broker Map(0 -> Map([log,0] -> List(0))) (kafka.controller.KafkaController)
[2017-12-25 09:21:54,671] DEBUG [Controller 0]: topics not in preferred replica Map() (kafka.controller.KafkaController)
[2017-12-25 09:21:54,671] TRACE [Controller 0]: leader imbalance ratio for broker 0 is 0.000000 (kafka.controller.KafkaController)
[2017-12-25 09:26:54,650] TRACE [Controller 0]: checking need to trigger partition rebalance (kafka.controller.KafkaController)
[2017-12-25 09:26:54,650] DEBUG [Controller 0]: preferred replicas by broker Map(0 -> Map([log,0] -> List(0))) (kafka.controller.KafkaController)
[2017-12-25 09:26:54,650] DEBUG [Controller 0]: topics not in preferred replica Map() (kafka.controller.KafkaController)
[2017-12-25 09:26:54,650] TRACE [Controller 0]: leader imbalance ratio for broker 0 is 0.000000 (kafka.controller.KafkaController)
[2017-12-25 09:31:54,677] TRACE [Controller 0]: checking need to trigger partition rebalance (kafka.controller.KafkaController)
[2017-12-25 09:31:54,677] DEBUG [Controller 0]: preferred replicas by broker Map(0 -> Map([log,0] -> List(0))) (kafka.controller.KafkaController)
[2017-12-25 09:31:54,677] DEBUG [Controller 0]: topics not in preferred replica Map() (kafka.controller.KafkaController)
[2017-12-25 09:31:54,677] TRACE [Controller 0]: leader imbalance ratio for broker 0 is 0.000000 (kafka.controller.KafkaController)
[2017-12-25 09:36:54,687] TRACE [Controller 0]: checking need to trigger partition rebalance (kafka.controller.KafkaController)
[2017-12-25 09:36:54,687] DEBUG [Controller 0]: preferred replicas by broker Map(0 -> Map([log,0] -> List(0))) (kafka.controller.KafkaController)
[2017-12-25 09:36:54,687] DEBUG [Controller 0]: topics not in preferred replica Map() (kafka.controller.KafkaController)
[2017-12-25 09:36:54,687] TRACE [Controller 0]: leader imbalance ratio for broker 0 is 0.000000 (kafka.controller.KafkaController)
[2017-12-25 09:41:54,706] TRACE [Controller 0]: checking need to trigger partition rebalance (kafka.controller.KafkaController)
[2017-12-25 09:41:54,706] DEBUG [Controller 0]: preferred replicas by broker Map(0 -> Map([log,0] -> List(0))) (kafka.controller.KafkaController)
[2017-12-25 09:41:54,706] DEBUG [Controller 0]: topics not in preferred replica Map() (kafka.controller.KafkaController)
[2017-12-25 09:41:54,706] TRACE [Controller 0]: leader imbalance ratio for broker 0 is 0.000000 (kafka.controller.KafkaController)
[2017-12-25 09:46:54,694] TRACE [Controller 0]: checking need to trigger partition rebalance (kafka.controller.KafkaController)
[2017-12-25 09:46:54,694] DEBUG [Controller 0]: preferred replicas by broker Map(0 -> Map([log,0] -> List(0))) (kafka.controller.KafkaController)
[2017-12-25 09:46:54,694] DEBUG [Controller 0]: topics not in preferred replica Map() (kafka.controller.KafkaController)
[2017-12-25 09:46:54,695] TRACE [Controller 0]: leader imbalance ratio for broker 0 is 0.000000 (kafka.controller.KafkaController)
[2017-12-25 09:51:54,714] TRACE [Controller 0]: checking need to trigger partition rebalance (kafka.controller.KafkaController)
[2017-12-25 09:51:54,714] DEBUG [Controller 0]: preferred replicas by broker Map(0 -> Map([log,0] -> List(0))) (kafka.controller.KafkaController)
[2017-12-25 09:51:54,714] DEBUG [Controller 0]: topics not in preferred replica Map() (kafka.controller.KafkaController)
[2017-12-25 09:51:54,714] TRACE [Controller 0]: leader imbalance ratio for broker 0 is 0.000000 (kafka.controller.KafkaController)
[2017-12-25 09:56:54,761] TRACE [Controller 0]: checking need to trigger partition rebalance (kafka.controller.KafkaController)
[2017-12-25 09:56:54,761] DEBUG [Controller 0]: preferred replicas by broker Map(0 -> Map([log,0] -> List(0))) (kafka.controller.KafkaController)
[2017-12-25 09:56:54,761] DEBUG [Controller 0]: topics not in preferred replica Map() (kafka.controller.KafkaController)
[2017-12-25 09:56:54,761] TRACE [Controller 0]: leader imbalance ratio for broker 0 is 0.000000 (kafka.controller.KafkaController)
[2017-12-25 10:01:54,776] TRACE [Controller 0]: checking need to trigger partition rebalance (kafka.controller.KafkaController)
[2017-12-25 10:01:54,777] DEBUG [Controller 0]: preferred replicas by broker Map(0 -> Map([log,0] -> List(0))) (kafka.controller.KafkaController)
[2017-12-25 10:01:54,777] DEBUG [Controller 0]: topics not in preferred replica Map() (kafka.controller.KafkaController)
[2017-12-25 10:01:54,778] TRACE [Controller 0]: leader imbalance ratio for broker 0 is 0.000000 (kafka.controller.KafkaController)
[2017-12-25 10:06:54,818] TRACE [Controller 0]: checking need to trigger partition rebalance (kafka.controller.KafkaController)
[2017-12-25 10:06:54,818] DEBUG [Controller 0]: preferred replicas by broker Map(0 -> Map([log,0] -> List(0))) (kafka.controller.KafkaController)
[2017-12-25 10:06:54,818] DEBUG [Controller 0]: topics not in preferred replica Map() (kafka.controller.KafkaController)
[2017-12-25 10:06:54,818] TRACE [Controller 0]: leader imbalance ratio for broker 0 is 0.000000 (kafka.controller.KafkaController)
[2017-12-25 10:11:54,861] TRACE [Controller 0]: checking need to trigger partition rebalance (kafka.controller.KafkaController)
[2017-12-25 10:11:54,861] DEBUG [Controller 0]: preferred replicas by broker Map(0 -> Map([log,0] -> List(0))) (kafka.controller.KafkaController)
[2017-12-25 10:11:54,862] DEBUG [Controller 0]: topics not in preferred replica Map() (kafka.controller.KafkaController)
[2017-12-25 10:11:54,862] TRACE [Controller 0]: leader imbalance ratio for broker 0 is 0.000000 (kafka.controller.KafkaController)
[2017-12-25 10:16:54,877] TRACE [Controller 0]: checking need to trigger partition rebalance (kafka.controller.KafkaController)
[2017-12-25 10:16:54,877] DEBUG [Controller 0]: preferred replicas by broker Map(0 -> Map([log,0] -> List(0))) (kafka.controller.KafkaController)
[2017-12-25 10:16:54,878] DEBUG [Controller 0]: topics not in preferred replica Map() (kafka.controller.KafkaController)
[2017-12-25 10:16:54,878] TRACE [Controller 0]: leader imbalance ratio for broker 0 is 0.000000 (kafka.controller.KafkaController)
[2017-12-25 10:21:54,870] TRACE [Controller 0]: checking need to trigger partition rebalance (kafka.controller.KafkaController)
[2017-12-25 10:21:54,870] DEBUG [Controller 0]: preferred replicas by broker Map(0 -> Map([log,0] -> List(0))) (kafka.controller.KafkaController)
[2017-12-25 10:21:54,870] DEBUG [Controller 0]: topics not in preferred replica Map() (kafka.controller.KafkaController)
[2017-12-25 10:21:54,870] TRACE [Controller 0]: leader imbalance ratio for broker 0 is 0.000000 (kafka.controller.KafkaController)
[2017-12-25 10:26:54,900] TRACE [Controller 0]: checking need to trigger partition rebalance (kafka.controller.KafkaController)
[2017-12-25 10:26:54,901] DEBUG [Controller 0]: preferred replicas by broker Map(0 -> Map([log,0] -> List(0))) (kafka.controller.KafkaController)
[2017-12-25 10:26:54,901] DEBUG [Controller 0]: topics not in preferred replica Map() (kafka.controller.KafkaController)
[2017-12-25 10:26:54,901] TRACE [Controller 0]: leader imbalance ratio for broker 0 is 0.000000 (kafka.controller.KafkaController)
[2017-12-25 10:31:54,939] TRACE [Controller 0]: checking need to trigger partition rebalance (kafka.controller.KafkaController)
[2017-12-25 10:31:54,939] DEBUG [Controller 0]: preferred replicas by broker Map(0 -> Map([log,0] -> List(0))) (kafka.controller.KafkaController)
[2017-12-25 10:31:54,939] DEBUG [Controller 0]: topics not in preferred replica Map() (kafka.controller.KafkaController)
[2017-12-25 10:31:54,940] TRACE [Controller 0]: leader imbalance ratio for broker 0 is 0.000000 (kafka.controller.KafkaController)
[2017-12-25 10:36:54,929] TRACE [Controller 0]: checking need to trigger partition rebalance (kafka.controller.KafkaController)
[2017-12-25 10:36:54,929] DEBUG [Controller 0]: preferred replicas by broker Map(0 -> Map([log,0] -> List(0))) (kafka.controller.KafkaController)
[2017-12-25 10:36:54,929] DEBUG [Controller 0]: topics not in preferred replica Map() (kafka.controller.KafkaController)
[2017-12-25 10:36:54,930] TRACE [Controller 0]: leader imbalance ratio for broker 0 is 0.000000 (kafka.controller.KafkaController)
[2017-12-25 10:41:54,946] TRACE [Controller 0]: checking need to trigger partition rebalance (kafka.controller.KafkaController)
[2017-12-25 10:41:54,947] DEBUG [Controller 0]: preferred replicas by broker Map(0 -> Map([log,0] -> List(0))) (kafka.controller.KafkaController)
[2017-12-25 10:41:54,947] DEBUG [Controller 0]: topics not in preferred replica Map() (kafka.controller.KafkaController)
[2017-12-25 10:41:54,948] TRACE [Controller 0]: leader imbalance ratio for broker 0 is 0.000000 (kafka.controller.KafkaController)
[2017-12-25 10:46:54,966] TRACE [Controller 0]: checking need to trigger partition rebalance (kafka.controller.KafkaController)
[2017-12-25 10:46:54,966] DEBUG [Controller 0]: preferred replicas by broker Map(0 -> Map([log,0] -> List(0))) (kafka.controller.KafkaController)
[2017-12-25 10:46:54,966] DEBUG [Controller 0]: topics not in preferred replica Map() (kafka.controller.KafkaController)
[2017-12-25 10:46:54,966] TRACE [Controller 0]: leader imbalance ratio for broker 0 is 0.000000 (kafka.controller.KafkaController)
[2017-12-25 10:51:54,967] TRACE [Controller 0]: checking need to trigger partition rebalance (kafka.controller.KafkaController)
[2017-12-25 10:51:54,967] DEBUG [Controller 0]: preferred replicas by broker Map(0 -> Map([log,0] -> List(0))) (kafka.controller.KafkaController)
[2017-12-25 10:51:54,967] DEBUG [Controller 0]: topics not in preferred replica Map() (kafka.controller.KafkaController)
[2017-12-25 10:51:54,968] TRACE [Controller 0]: leader imbalance ratio for broker 0 is 0.000000 (kafka.controller.KafkaController)
[2017-12-25 10:56:54,966] TRACE [Controller 0]: checking need to trigger partition rebalance (kafka.controller.KafkaController)
[2017-12-25 10:56:54,966] DEBUG [Controller 0]: preferred replicas by broker Map(0 -> Map([log,0] -> List(0))) (kafka.controller.KafkaController)
[2017-12-25 10:56:54,967] DEBUG [Controller 0]: topics not in preferred replica Map() (kafka.controller.KafkaController)
[2017-12-25 10:56:54,967] TRACE [Controller 0]: leader imbalance ratio for broker 0 is 0.000000 (kafka.controller.KafkaController)
[2017-12-25 11:01:54,982] TRACE [Controller 0]: checking need to trigger partition rebalance (kafka.controller.KafkaController)
[2017-12-25 11:01:54,983] DEBUG [Controller 0]: preferred replicas by broker Map(0 -> Map([log,0] -> List(0))) (kafka.controller.KafkaController)
[2017-12-25 11:01:54,983] DEBUG [Controller 0]: topics not in preferred replica Map() (kafka.controller.KafkaController)
[2017-12-25 11:01:54,983] TRACE [Controller 0]: leader imbalance ratio for broker 0 is 0.000000 (kafka.controller.KafkaController)
[2017-12-25 11:06:54,999] TRACE [Controller 0]: checking need to trigger partition rebalance (kafka.controller.KafkaController)
[2017-12-25 11:06:54,999] DEBUG [Controller 0]: preferred replicas by broker Map(0 -> Map([log,0] -> List(0))) (kafka.controller.KafkaController)
[2017-12-25 11:06:54,999] DEBUG [Controller 0]: topics not in preferred replica Map() (kafka.controller.KafkaController)
[2017-12-25 11:06:54,999] TRACE [Controller 0]: leader imbalance ratio for broker 0 is 0.000000 (kafka.controller.KafkaController)
[2017-12-25 11:11:55,014] TRACE [Controller 0]: checking need to trigger partition rebalance (kafka.controller.KafkaController)
[2017-12-25 11:11:55,015] DEBUG [Controller 0]: preferred replicas by broker Map(0 -> Map([log,0] -> List(0))) (kafka.controller.KafkaController)
[2017-12-25 11:11:55,015] DEBUG [Controller 0]: topics not in preferred replica Map() (kafka.controller.KafkaController)
[2017-12-25 11:11:55,018] TRACE [Controller 0]: leader imbalance ratio for broker 0 is 0.000000 (kafka.controller.KafkaController)
[2017-12-25 11:16:55,031] TRACE [Controller 0]: checking need to trigger partition rebalance (kafka.controller.KafkaController)
[2017-12-25 11:16:55,031] DEBUG [Controller 0]: preferred replicas by broker Map(0 -> Map([log,0] -> List(0))) (kafka.controller.KafkaController)
[2017-12-25 11:16:55,031] DEBUG [Controller 0]: topics not in preferred replica Map() (kafka.controller.KafkaController)
[2017-12-25 11:16:55,031] TRACE [Controller 0]: leader imbalance ratio for broker 0 is 0.000000 (kafka.controller.KafkaController)
[2017-12-25 11:21:55,048] TRACE [Controller 0]: checking need to trigger partition rebalance (kafka.controller.KafkaController)
[2017-12-25 11:21:55,049] DEBUG [Controller 0]: preferred replicas by broker Map(0 -> Map([log,0] -> List(0))) (kafka.controller.KafkaController)
[2017-12-25 11:21:55,049] DEBUG [Controller 0]: topics not in preferred replica Map() (kafka.controller.KafkaController)
[2017-12-25 11:21:55,049] TRACE [Controller 0]: leader imbalance ratio for broker 0 is 0.000000 (kafka.controller.KafkaController)
[2017-12-25 11:26:55,095] TRACE [Controller 0]: checking need to trigger partition rebalance (kafka.controller.KafkaController)
[2017-12-25 11:26:55,095] DEBUG [Controller 0]: preferred replicas by broker Map(0 -> Map([log,0] -> List(0))) (kafka.controller.KafkaController)
[2017-12-25 11:26:55,095] DEBUG [Controller 0]: topics not in preferred replica Map() (kafka.controller.KafkaController)
[2017-12-25 11:26:55,095] TRACE [Controller 0]: leader imbalance ratio for broker 0 is 0.000000 (kafka.controller.KafkaController)
[2017-12-25 11:31:55,124] TRACE [Controller 0]: checking need to trigger partition rebalance (kafka.controller.KafkaController)
[2017-12-25 11:31:55,124] DEBUG [Controller 0]: preferred replicas by broker Map(0 -> Map([log,0] -> List(0))) (kafka.controller.KafkaController)
[2017-12-25 11:31:55,124] DEBUG [Controller 0]: topics not in preferred replica Map() (kafka.controller.KafkaController)
[2017-12-25 11:31:55,124] TRACE [Controller 0]: leader imbalance ratio for broker 0 is 0.000000 (kafka.controller.KafkaController)
[2017-12-25 11:36:55,154] TRACE [Controller 0]: checking need to trigger partition rebalance (kafka.controller.KafkaController)
[2017-12-25 11:36:55,154] DEBUG [Controller 0]: preferred replicas by broker Map(0 -> Map([log,0] -> List(0))) (kafka.controller.KafkaController)
[2017-12-25 11:36:55,154] DEBUG [Controller 0]: topics not in preferred replica Map() (kafka.controller.KafkaController)
[2017-12-25 11:36:55,155] TRACE [Controller 0]: leader imbalance ratio for broker 0 is 0.000000 (kafka.controller.KafkaController)
[2017-12-25 11:41:55,190] TRACE [Controller 0]: checking need to trigger partition rebalance (kafka.controller.KafkaController)
[2017-12-25 11:41:55,191] DEBUG [Controller 0]: preferred replicas by broker Map(0 -> Map([log,0] -> List(0))) (kafka.controller.KafkaController)
[2017-12-25 11:41:55,191] DEBUG [Controller 0]: topics not in preferred replica Map() (kafka.controller.KafkaController)
[2017-12-25 11:41:55,191] TRACE [Controller 0]: leader imbalance ratio for broker 0 is 0.000000 (kafka.controller.KafkaController)
[2017-12-25 11:46:55,236] TRACE [Controller 0]: checking need to trigger partition rebalance (kafka.controller.KafkaController)
[2017-12-25 11:46:55,237] DEBUG [Controller 0]: preferred replicas by broker Map(0 -> Map([log,0] -> List(0))) (kafka.controller.KafkaController)
[2017-12-25 11:46:55,237] DEBUG [Controller 0]: topics not in preferred replica Map() (kafka.controller.KafkaController)
[2017-12-25 11:46:55,237] TRACE [Controller 0]: leader imbalance ratio for broker 0 is 0.000000 (kafka.controller.KafkaController)
[2017-12-25 11:51:55,237] TRACE [Controller 0]: checking need to trigger partition rebalance (kafka.controller.KafkaController)
[2017-12-25 11:51:55,237] DEBUG [Controller 0]: preferred replicas by broker Map(0 -> Map([log,0] -> List(0))) (kafka.controller.KafkaController)
[2017-12-25 11:51:55,237] DEBUG [Controller 0]: topics not in preferred replica Map() (kafka.controller.KafkaController)
[2017-12-25 11:51:55,237] TRACE [Controller 0]: leader imbalance ratio for broker 0 is 0.000000 (kafka.controller.KafkaController)
[2017-12-25 11:56:55,253] TRACE [Controller 0]: checking need to trigger partition rebalance (kafka.controller.KafkaController)
[2017-12-25 11:56:55,263] DEBUG [Controller 0]: preferred replicas by broker Map(0 -> Map([log,0] -> List(0))) (kafka.controller.KafkaController)
[2017-12-25 11:56:55,273] DEBUG [Controller 0]: topics not in preferred replica Map() (kafka.controller.KafkaController)
[2017-12-25 11:56:55,273] TRACE [Controller 0]: leader imbalance ratio for broker 0 is 0.000000 (kafka.controller.KafkaController)
[2017-12-25 12:01:55,258] TRACE [Controller 0]: checking need to trigger partition rebalance (kafka.controller.KafkaController)
[2017-12-25 12:01:55,278] DEBUG [Controller 0]: preferred replicas by broker Map(0 -> Map([log,0] -> List(0))) (kafka.controller.KafkaController)
[2017-12-25 12:01:55,278] DEBUG [Controller 0]: topics not in preferred replica Map() (kafka.controller.KafkaController)
[2017-12-25 12:01:55,278] TRACE [Controller 0]: leader imbalance ratio for broker 0 is 0.000000 (kafka.controller.KafkaController)
