[2017-10-19 15:48:12,398] INFO Starting the log cleaner (kafka.log.LogCleaner)
[2017-10-19 15:48:12,408] INFO [kafka-log-cleaner-thread-0], Starting  (kafka.log.LogCleaner)
[2017-10-19 15:51:27,453] INFO Shutting down the log cleaner. (kafka.log.LogCleaner)
[2017-10-19 15:51:27,453] INFO [kafka-log-cleaner-thread-0], Shutting down (kafka.log.LogCleaner)
[2017-10-19 15:51:27,453] INFO [kafka-log-cleaner-thread-0], Stopped  (kafka.log.LogCleaner)
[2017-10-19 15:51:27,453] INFO [kafka-log-cleaner-thread-0], Shutdown completed (kafka.log.LogCleaner)
[2017-10-19 15:51:33,594] INFO Starting the log cleaner (kafka.log.LogCleaner)
[2017-10-19 15:51:33,595] INFO [kafka-log-cleaner-thread-0], Starting  (kafka.log.LogCleaner)
[2017-10-19 16:03:38,917] INFO Starting the log cleaner (kafka.log.LogCleaner)
[2017-10-19 16:03:38,927] INFO [kafka-log-cleaner-thread-0], Starting  (kafka.log.LogCleaner)
[2017-10-20 08:30:28,468] INFO Shutting down the log cleaner. (kafka.log.LogCleaner)
[2017-10-20 08:30:28,539] INFO [kafka-log-cleaner-thread-0], Shutting down (kafka.log.LogCleaner)
[2017-10-20 08:30:28,539] INFO [kafka-log-cleaner-thread-0], Stopped  (kafka.log.LogCleaner)
[2017-10-20 08:30:28,539] INFO [kafka-log-cleaner-thread-0], Shutdown completed (kafka.log.LogCleaner)
[2017-11-01 14:43:42,782] INFO Starting the log cleaner (kafka.log.LogCleaner)
[2017-11-01 14:43:42,791] INFO [kafka-log-cleaner-thread-0], Starting  (kafka.log.LogCleaner)
[2017-11-01 14:48:04,664] INFO Starting the log cleaner (kafka.log.LogCleaner)
[2017-11-01 14:48:04,664] INFO [kafka-log-cleaner-thread-0], Starting  (kafka.log.LogCleaner)
[2017-11-02 11:19:09,387] INFO Starting the log cleaner (kafka.log.LogCleaner)
[2017-11-02 11:19:09,417] INFO [kafka-log-cleaner-thread-0], Starting  (kafka.log.LogCleaner)
[2017-11-02 11:20:55,040] INFO Shutting down the log cleaner. (kafka.log.LogCleaner)
[2017-11-02 11:20:55,041] INFO [kafka-log-cleaner-thread-0], Shutting down (kafka.log.LogCleaner)
[2017-11-02 11:20:55,041] INFO [kafka-log-cleaner-thread-0], Stopped  (kafka.log.LogCleaner)
[2017-11-02 11:20:55,041] INFO [kafka-log-cleaner-thread-0], Shutdown completed (kafka.log.LogCleaner)
[2017-11-02 13:26:27,209] INFO Starting the log cleaner (kafka.log.LogCleaner)
[2017-11-02 13:26:27,239] INFO [kafka-log-cleaner-thread-0], Starting  (kafka.log.LogCleaner)
[2017-11-02 13:26:47,008] INFO Shutting down the log cleaner. (kafka.log.LogCleaner)
[2017-11-02 13:26:47,008] INFO [kafka-log-cleaner-thread-0], Shutting down (kafka.log.LogCleaner)
[2017-11-02 13:26:47,008] INFO [kafka-log-cleaner-thread-0], Stopped  (kafka.log.LogCleaner)
[2017-11-02 13:26:47,008] INFO [kafka-log-cleaner-thread-0], Shutdown completed (kafka.log.LogCleaner)
[2017-11-02 13:27:29,840] INFO Starting the log cleaner (kafka.log.LogCleaner)
[2017-11-02 13:27:29,840] INFO [kafka-log-cleaner-thread-0], Starting  (kafka.log.LogCleaner)
[2017-11-02 13:28:37,636] INFO Starting the log cleaner (kafka.log.LogCleaner)
[2017-11-02 13:28:37,636] INFO [kafka-log-cleaner-thread-0], Starting  (kafka.log.LogCleaner)
[2017-11-02 13:29:29,356] INFO Starting the log cleaner (kafka.log.LogCleaner)
[2017-11-02 13:29:29,356] INFO [kafka-log-cleaner-thread-0], Starting  (kafka.log.LogCleaner)
[2017-11-02 13:31:04,959] INFO Starting the log cleaner (kafka.log.LogCleaner)
[2017-11-02 13:31:04,969] INFO [kafka-log-cleaner-thread-0], Starting  (kafka.log.LogCleaner)
[2017-11-02 13:31:06,907] INFO Shutting down the log cleaner. (kafka.log.LogCleaner)
[2017-11-02 13:31:06,907] INFO [kafka-log-cleaner-thread-0], Shutting down (kafka.log.LogCleaner)
[2017-11-02 13:31:06,907] INFO [kafka-log-cleaner-thread-0], Stopped  (kafka.log.LogCleaner)
[2017-11-02 13:31:06,907] INFO [kafka-log-cleaner-thread-0], Shutdown completed (kafka.log.LogCleaner)
[2017-11-02 13:35:03,523] INFO Starting the log cleaner (kafka.log.LogCleaner)
[2017-11-02 13:35:03,523] INFO [kafka-log-cleaner-thread-0], Starting  (kafka.log.LogCleaner)
[2017-11-02 13:35:54,091] INFO Starting the log cleaner (kafka.log.LogCleaner)
[2017-11-02 13:35:54,092] INFO [kafka-log-cleaner-thread-0], Starting  (kafka.log.LogCleaner)
[2017-11-02 13:35:55,868] INFO Shutting down the log cleaner. (kafka.log.LogCleaner)
[2017-11-02 13:35:55,868] INFO [kafka-log-cleaner-thread-0], Shutting down (kafka.log.LogCleaner)
[2017-11-02 13:35:55,868] INFO [kafka-log-cleaner-thread-0], Stopped  (kafka.log.LogCleaner)
[2017-11-02 13:35:55,868] INFO [kafka-log-cleaner-thread-0], Shutdown completed (kafka.log.LogCleaner)
[2017-11-02 13:38:10,762] INFO Starting the log cleaner (kafka.log.LogCleaner)
[2017-11-02 13:38:10,764] INFO [kafka-log-cleaner-thread-0], Starting  (kafka.log.LogCleaner)
[2017-11-03 13:53:14,573] INFO Starting the log cleaner (kafka.log.LogCleaner)
[2017-11-03 13:53:14,652] INFO [kafka-log-cleaner-thread-0], Starting  (kafka.log.LogCleaner)
[2017-11-03 13:53:18,977] INFO Shutting down the log cleaner. (kafka.log.LogCleaner)
[2017-11-03 13:53:18,978] INFO [kafka-log-cleaner-thread-0], Shutting down (kafka.log.LogCleaner)
[2017-11-03 13:53:18,978] INFO [kafka-log-cleaner-thread-0], Stopped  (kafka.log.LogCleaner)
[2017-11-03 13:53:18,979] INFO [kafka-log-cleaner-thread-0], Shutdown completed (kafka.log.LogCleaner)
[2017-11-08 08:41:29,078] INFO Starting the log cleaner (kafka.log.LogCleaner)
[2017-11-08 08:41:29,098] INFO [kafka-log-cleaner-thread-0], Starting  (kafka.log.LogCleaner)
[2017-11-15 16:39:16,736] INFO Starting the log cleaner (kafka.log.LogCleaner)
[2017-11-15 16:39:16,772] INFO [kafka-log-cleaner-thread-0], Starting  (kafka.log.LogCleaner)
[2017-11-15 16:39:20,028] INFO Shutting down the log cleaner. (kafka.log.LogCleaner)
[2017-11-15 16:39:20,028] INFO [kafka-log-cleaner-thread-0], Shutting down (kafka.log.LogCleaner)
[2017-11-15 16:39:20,028] INFO [kafka-log-cleaner-thread-0], Stopped  (kafka.log.LogCleaner)
[2017-11-15 16:39:20,028] INFO [kafka-log-cleaner-thread-0], Shutdown completed (kafka.log.LogCleaner)
[2017-11-15 16:46:45,657] INFO Starting the log cleaner (kafka.log.LogCleaner)
[2017-11-15 16:46:45,677] INFO [kafka-log-cleaner-thread-0], Starting  (kafka.log.LogCleaner)
[2017-11-16 13:16:01,195] INFO Starting the log cleaner (kafka.log.LogCleaner)
[2017-11-16 13:16:01,205] INFO [kafka-log-cleaner-thread-0], Starting  (kafka.log.LogCleaner)
[2017-11-20 08:34:13,024] INFO Starting the log cleaner (kafka.log.LogCleaner)
[2017-11-20 08:34:13,034] INFO [kafka-log-cleaner-thread-0], Starting  (kafka.log.LogCleaner)
[2017-11-20 08:34:15,274] INFO Shutting down the log cleaner. (kafka.log.LogCleaner)
[2017-11-20 08:34:15,274] INFO [kafka-log-cleaner-thread-0], Shutting down (kafka.log.LogCleaner)
[2017-11-20 08:34:15,274] INFO [kafka-log-cleaner-thread-0], Stopped  (kafka.log.LogCleaner)
[2017-11-20 08:34:15,274] INFO [kafka-log-cleaner-thread-0], Shutdown completed (kafka.log.LogCleaner)
[2017-11-20 08:56:04,300] INFO Starting the log cleaner (kafka.log.LogCleaner)
[2017-11-20 08:56:04,320] INFO [kafka-log-cleaner-thread-0], Starting  (kafka.log.LogCleaner)
[2017-11-21 09:53:24,473] INFO Starting the log cleaner (kafka.log.LogCleaner)
[2017-11-21 09:53:24,484] INFO [kafka-log-cleaner-thread-0], Starting  (kafka.log.LogCleaner)
[2017-11-22 11:18:25,970] INFO Starting the log cleaner (kafka.log.LogCleaner)
[2017-11-22 11:18:25,981] INFO [kafka-log-cleaner-thread-0], Starting  (kafka.log.LogCleaner)
[2017-11-22 11:18:29,230] INFO Shutting down the log cleaner. (kafka.log.LogCleaner)
[2017-11-22 11:18:29,231] INFO [kafka-log-cleaner-thread-0], Shutting down (kafka.log.LogCleaner)
[2017-11-22 11:18:29,231] INFO [kafka-log-cleaner-thread-0], Stopped  (kafka.log.LogCleaner)
[2017-11-22 11:18:29,231] INFO [kafka-log-cleaner-thread-0], Shutdown completed (kafka.log.LogCleaner)
[2017-11-22 11:19:56,729] INFO Starting the log cleaner (kafka.log.LogCleaner)
[2017-11-22 11:19:56,730] INFO [kafka-log-cleaner-thread-0], Starting  (kafka.log.LogCleaner)
[2017-11-22 13:58:57,209] INFO Starting the log cleaner (kafka.log.LogCleaner)
[2017-11-22 13:58:57,226] INFO [kafka-log-cleaner-thread-0], Starting  (kafka.log.LogCleaner)
[2017-11-22 13:58:59,633] INFO Shutting down the log cleaner. (kafka.log.LogCleaner)
[2017-11-22 13:58:59,633] INFO [kafka-log-cleaner-thread-0], Shutting down (kafka.log.LogCleaner)
[2017-11-22 13:58:59,633] INFO [kafka-log-cleaner-thread-0], Stopped  (kafka.log.LogCleaner)
[2017-11-22 13:58:59,633] INFO [kafka-log-cleaner-thread-0], Shutdown completed (kafka.log.LogCleaner)
[2017-11-22 13:59:17,738] INFO Starting the log cleaner (kafka.log.LogCleaner)
[2017-11-22 13:59:17,738] INFO [kafka-log-cleaner-thread-0], Starting  (kafka.log.LogCleaner)
[2017-11-23 13:51:35,139] INFO Starting the log cleaner (kafka.log.LogCleaner)
[2017-11-23 13:51:35,149] INFO [kafka-log-cleaner-thread-0], Starting  (kafka.log.LogCleaner)
[2017-11-23 13:51:38,137] INFO Shutting down the log cleaner. (kafka.log.LogCleaner)
[2017-11-23 13:51:38,137] INFO [kafka-log-cleaner-thread-0], Shutting down (kafka.log.LogCleaner)
[2017-11-23 13:51:38,137] INFO [kafka-log-cleaner-thread-0], Stopped  (kafka.log.LogCleaner)
[2017-11-23 13:51:38,137] INFO [kafka-log-cleaner-thread-0], Shutdown completed (kafka.log.LogCleaner)
[2017-11-23 13:58:20,691] INFO Starting the log cleaner (kafka.log.LogCleaner)
[2017-11-23 13:58:20,709] INFO [kafka-log-cleaner-thread-0], Starting  (kafka.log.LogCleaner)
[2017-11-23 14:02:24,539] INFO Starting the log cleaner (kafka.log.LogCleaner)
[2017-11-23 14:02:24,543] INFO [kafka-log-cleaner-thread-0], Starting  (kafka.log.LogCleaner)
[2017-11-23 14:02:26,939] INFO Shutting down the log cleaner. (kafka.log.LogCleaner)
[2017-11-23 14:02:26,939] INFO [kafka-log-cleaner-thread-0], Shutting down (kafka.log.LogCleaner)
[2017-11-23 14:02:26,939] INFO [kafka-log-cleaner-thread-0], Stopped  (kafka.log.LogCleaner)
[2017-11-23 14:02:26,939] INFO [kafka-log-cleaner-thread-0], Shutdown completed (kafka.log.LogCleaner)
[2017-11-23 14:24:44,783] INFO Starting the log cleaner (kafka.log.LogCleaner)
[2017-11-23 14:24:44,793] INFO [kafka-log-cleaner-thread-0], Starting  (kafka.log.LogCleaner)
[2017-11-29 11:31:44,767] INFO Starting the log cleaner (kafka.log.LogCleaner)
[2017-11-29 11:31:44,895] INFO [kafka-log-cleaner-thread-0], Starting  (kafka.log.LogCleaner)
[2017-11-29 11:35:41,799] INFO Starting the log cleaner (kafka.log.LogCleaner)
[2017-11-29 11:35:41,800] INFO [kafka-log-cleaner-thread-0], Starting  (kafka.log.LogCleaner)
[2017-11-29 11:35:42,691] INFO Shutting down the log cleaner. (kafka.log.LogCleaner)
[2017-11-29 11:35:42,691] INFO [kafka-log-cleaner-thread-0], Shutting down (kafka.log.LogCleaner)
[2017-11-29 11:35:42,691] INFO [kafka-log-cleaner-thread-0], Shutdown completed (kafka.log.LogCleaner)
[2017-11-29 11:35:42,691] INFO [kafka-log-cleaner-thread-0], Stopped  (kafka.log.LogCleaner)
[2017-11-29 12:24:01,707] INFO Starting the log cleaner (kafka.log.LogCleaner)
[2017-11-29 12:24:01,709] INFO [kafka-log-cleaner-thread-0], Starting  (kafka.log.LogCleaner)
[2017-11-29 12:26:24,068] INFO Starting the log cleaner (kafka.log.LogCleaner)
[2017-11-29 12:26:24,069] INFO [kafka-log-cleaner-thread-0], Starting  (kafka.log.LogCleaner)
[2017-11-29 12:26:24,969] INFO Shutting down the log cleaner. (kafka.log.LogCleaner)
[2017-11-29 12:26:24,969] INFO [kafka-log-cleaner-thread-0], Shutting down (kafka.log.LogCleaner)
[2017-11-29 12:26:24,969] INFO [kafka-log-cleaner-thread-0], Stopped  (kafka.log.LogCleaner)
[2017-11-29 12:26:24,969] INFO [kafka-log-cleaner-thread-0], Shutdown completed (kafka.log.LogCleaner)
[2017-11-29 12:31:05,106] INFO Starting the log cleaner (kafka.log.LogCleaner)
[2017-11-29 12:31:05,107] INFO [kafka-log-cleaner-thread-0], Starting  (kafka.log.LogCleaner)
[2017-11-29 12:38:00,828] INFO Starting the log cleaner (kafka.log.LogCleaner)
[2017-11-29 12:38:00,830] INFO [kafka-log-cleaner-thread-0], Starting  (kafka.log.LogCleaner)
[2017-11-29 12:38:01,735] INFO Shutting down the log cleaner. (kafka.log.LogCleaner)
[2017-11-29 12:38:01,735] INFO [kafka-log-cleaner-thread-0], Shutting down (kafka.log.LogCleaner)
[2017-11-29 12:38:01,735] INFO [kafka-log-cleaner-thread-0], Stopped  (kafka.log.LogCleaner)
[2017-11-29 12:38:01,735] INFO [kafka-log-cleaner-thread-0], Shutdown completed (kafka.log.LogCleaner)
[2017-11-29 12:41:31,875] INFO Starting the log cleaner (kafka.log.LogCleaner)
[2017-11-29 12:41:31,876] INFO [kafka-log-cleaner-thread-0], Starting  (kafka.log.LogCleaner)
[2017-11-29 12:41:51,681] INFO Starting the log cleaner (kafka.log.LogCleaner)
[2017-11-29 12:41:51,689] INFO [kafka-log-cleaner-thread-0], Starting  (kafka.log.LogCleaner)
[2017-11-29 12:41:52,614] INFO Shutting down the log cleaner. (kafka.log.LogCleaner)
[2017-11-29 12:41:52,614] INFO [kafka-log-cleaner-thread-0], Shutting down (kafka.log.LogCleaner)
[2017-11-29 12:41:52,614] INFO [kafka-log-cleaner-thread-0], Stopped  (kafka.log.LogCleaner)
[2017-11-29 12:41:52,614] INFO [kafka-log-cleaner-thread-0], Shutdown completed (kafka.log.LogCleaner)
[2017-11-29 12:47:57,316] INFO Starting the log cleaner (kafka.log.LogCleaner)
[2017-11-29 12:47:57,317] INFO [kafka-log-cleaner-thread-0], Starting  (kafka.log.LogCleaner)
[2017-11-29 12:50:21,063] INFO Starting the log cleaner (kafka.log.LogCleaner)
[2017-11-29 12:50:21,064] INFO [kafka-log-cleaner-thread-0], Starting  (kafka.log.LogCleaner)
[2017-12-04 08:00:50,571] INFO Starting the log cleaner (kafka.log.LogCleaner)
[2017-12-04 08:00:50,590] INFO [kafka-log-cleaner-thread-0], Starting  (kafka.log.LogCleaner)
[2017-12-04 08:00:53,824] INFO Shutting down the log cleaner. (kafka.log.LogCleaner)
[2017-12-04 08:00:53,824] INFO [kafka-log-cleaner-thread-0], Shutting down (kafka.log.LogCleaner)
[2017-12-04 08:00:53,824] INFO [kafka-log-cleaner-thread-0], Stopped  (kafka.log.LogCleaner)
[2017-12-04 08:00:53,824] INFO [kafka-log-cleaner-thread-0], Shutdown completed (kafka.log.LogCleaner)
[2017-12-04 08:13:16,719] INFO Starting the log cleaner (kafka.log.LogCleaner)
[2017-12-04 08:13:16,730] INFO [kafka-log-cleaner-thread-0], Starting  (kafka.log.LogCleaner)
[2017-12-04 08:16:13,306] INFO Starting the log cleaner (kafka.log.LogCleaner)
[2017-12-04 08:16:13,318] INFO [kafka-log-cleaner-thread-0], Starting  (kafka.log.LogCleaner)
[2017-12-05 08:13:25,566] INFO Starting the log cleaner (kafka.log.LogCleaner)
[2017-12-05 08:13:25,589] INFO [kafka-log-cleaner-thread-0], Starting  (kafka.log.LogCleaner)
[2017-12-05 08:15:07,017] INFO Starting the log cleaner (kafka.log.LogCleaner)
[2017-12-05 08:15:07,017] INFO [kafka-log-cleaner-thread-0], Starting  (kafka.log.LogCleaner)
[2017-12-06 13:14:47,637] INFO Starting the log cleaner (kafka.log.LogCleaner)
[2017-12-06 13:14:47,637] INFO [kafka-log-cleaner-thread-0], Starting  (kafka.log.LogCleaner)
[2017-12-06 13:14:49,569] INFO Shutting down the log cleaner. (kafka.log.LogCleaner)
[2017-12-06 13:14:49,569] INFO [kafka-log-cleaner-thread-0], Shutting down (kafka.log.LogCleaner)
[2017-12-06 13:14:49,569] INFO [kafka-log-cleaner-thread-0], Stopped  (kafka.log.LogCleaner)
[2017-12-06 13:14:49,569] INFO [kafka-log-cleaner-thread-0], Shutdown completed (kafka.log.LogCleaner)
[2017-12-06 13:15:34,593] INFO Starting the log cleaner (kafka.log.LogCleaner)
[2017-12-06 13:15:34,603] INFO [kafka-log-cleaner-thread-0], Starting  (kafka.log.LogCleaner)
[2017-12-08 08:33:59,032] INFO Starting the log cleaner (kafka.log.LogCleaner)
[2017-12-08 08:33:59,147] INFO [kafka-log-cleaner-thread-0], Starting  (kafka.log.LogCleaner)
[2017-12-08 09:03:30,051] INFO Starting the log cleaner (kafka.log.LogCleaner)
[2017-12-08 09:03:30,054] INFO [kafka-log-cleaner-thread-0], Starting  (kafka.log.LogCleaner)
[2017-12-08 09:05:49,871] INFO Starting the log cleaner (kafka.log.LogCleaner)
[2017-12-08 09:05:49,871] INFO [kafka-log-cleaner-thread-0], Starting  (kafka.log.LogCleaner)
[2017-12-08 09:08:05,859] INFO Starting the log cleaner (kafka.log.LogCleaner)
[2017-12-08 09:08:05,859] INFO [kafka-log-cleaner-thread-0], Starting  (kafka.log.LogCleaner)
[2017-12-08 09:15:30,038] INFO Starting the log cleaner (kafka.log.LogCleaner)
[2017-12-08 09:15:30,109] INFO [kafka-log-cleaner-thread-0], Starting  (kafka.log.LogCleaner)
[2017-12-08 09:18:34,645] INFO Starting the log cleaner (kafka.log.LogCleaner)
[2017-12-08 09:18:34,645] INFO [kafka-log-cleaner-thread-0], Starting  (kafka.log.LogCleaner)
[2017-12-08 09:22:45,483] INFO Starting the log cleaner (kafka.log.LogCleaner)
[2017-12-08 09:22:45,489] INFO [kafka-log-cleaner-thread-0], Starting  (kafka.log.LogCleaner)
[2017-12-08 10:07:18,480] INFO Starting the log cleaner (kafka.log.LogCleaner)
[2017-12-08 10:07:18,480] INFO [kafka-log-cleaner-thread-0], Starting  (kafka.log.LogCleaner)
[2017-12-12 08:47:39,802] INFO Starting the log cleaner (kafka.log.LogCleaner)
[2017-12-12 08:47:39,815] INFO [kafka-log-cleaner-thread-0], Starting  (kafka.log.LogCleaner)
[2017-12-20 08:53:34,357] INFO Starting the log cleaner (kafka.log.LogCleaner)
[2017-12-20 08:53:34,357] INFO [kafka-log-cleaner-thread-0], Starting  (kafka.log.LogCleaner)
[2017-12-21 13:31:21,536] INFO Starting the log cleaner (kafka.log.LogCleaner)
[2017-12-21 13:31:21,548] INFO [kafka-log-cleaner-thread-0], Starting  (kafka.log.LogCleaner)
[2017-12-25 09:01:48,998] INFO Starting the log cleaner (kafka.log.LogCleaner)
[2017-12-25 09:01:49,021] INFO [kafka-log-cleaner-thread-0], Starting  (kafka.log.LogCleaner)
[2017-12-29 08:39:07,227] INFO Starting the log cleaner (kafka.log.LogCleaner)
[2017-12-29 08:39:07,252] INFO [kafka-log-cleaner-thread-0], Starting  (kafka.log.LogCleaner)
[2017-12-29 08:39:11,102] INFO Shutting down the log cleaner. (kafka.log.LogCleaner)
[2017-12-29 08:39:11,102] INFO [kafka-log-cleaner-thread-0], Shutting down (kafka.log.LogCleaner)
[2017-12-29 08:39:11,102] INFO [kafka-log-cleaner-thread-0], Stopped  (kafka.log.LogCleaner)
[2017-12-29 08:39:11,102] INFO [kafka-log-cleaner-thread-0], Shutdown completed (kafka.log.LogCleaner)
