[2017-12-25 09:01:39,432] DEBUG preRegister called. Server=com.sun.jmx.mbeanserver.JmxMBeanServer@66d3c617, name=log4j:logger=state.change.logger (state.change.logger)
[2017-12-25 09:01:49,466] TRACE Controller 0 epoch 3 started leader election for partition [log,0] (state.change.logger)
[2017-12-25 09:01:49,486] ERROR Controller 0 epoch 3 initiated state change for partition [log,0] from OfflinePartition to OnlinePartition failed (state.change.logger)
kafka.common.NoReplicaOnlineException: No replica for partition [log,0] is alive. Live brokers are: [Set()], Assigned replicas are: [List(0)]
	at kafka.controller.OfflinePartitionLeaderSelector.selectLeader(PartitionLeaderSelector.scala:73)
	at kafka.controller.PartitionStateMachine.electLeaderForPartition(PartitionStateMachine.scala:344)
	at kafka.controller.PartitionStateMachine.kafka$controller$PartitionStateMachine$$handleStateChange(PartitionStateMachine.scala:205)
	at kafka.controller.PartitionStateMachine$$anonfun$triggerOnlinePartitionStateChange$3.apply(PartitionStateMachine.scala:120)
	at kafka.controller.PartitionStateMachine$$anonfun$triggerOnlinePartitionStateChange$3.apply(PartitionStateMachine.scala:117)
	at scala.collection.TraversableLike$WithFilter$$anonfun$foreach$1.apply(TraversableLike.scala:733)
	at scala.collection.mutable.HashMap$$anonfun$foreach$1.apply(HashMap.scala:99)
	at scala.collection.mutable.HashMap$$anonfun$foreach$1.apply(HashMap.scala:99)
	at scala.collection.mutable.HashTable$class.foreachEntry(HashTable.scala:230)
	at scala.collection.mutable.HashMap.foreachEntry(HashMap.scala:40)
	at scala.collection.mutable.HashMap.foreach(HashMap.scala:99)
	at scala.collection.TraversableLike$WithFilter.foreach(TraversableLike.scala:732)
	at kafka.controller.PartitionStateMachine.triggerOnlinePartitionStateChange(PartitionStateMachine.scala:117)
	at kafka.controller.PartitionStateMachine.startup(PartitionStateMachine.scala:70)
	at kafka.controller.KafkaController.onControllerFailover(KafkaController.scala:336)
	at kafka.controller.KafkaController$$anonfun$1.apply$mcV$sp(KafkaController.scala:167)
	at kafka.server.ZookeeperLeaderElector.elect(ZookeeperLeaderElector.scala:84)
	at kafka.server.ZookeeperLeaderElector$$anonfun$startup$1.apply$mcZ$sp(ZookeeperLeaderElector.scala:50)
	at kafka.server.ZookeeperLeaderElector$$anonfun$startup$1.apply(ZookeeperLeaderElector.scala:48)
	at kafka.server.ZookeeperLeaderElector$$anonfun$startup$1.apply(ZookeeperLeaderElector.scala:48)
	at kafka.utils.CoreUtils$.inLock(CoreUtils.scala:234)
	at kafka.server.ZookeeperLeaderElector.startup(ZookeeperLeaderElector.scala:48)
	at kafka.controller.KafkaController$$anonfun$startup$1.apply$mcV$sp(KafkaController.scala:676)
	at kafka.controller.KafkaController$$anonfun$startup$1.apply(KafkaController.scala:672)
	at kafka.controller.KafkaController$$anonfun$startup$1.apply(KafkaController.scala:672)
	at kafka.utils.CoreUtils$.inLock(CoreUtils.scala:234)
	at kafka.controller.KafkaController.startup(KafkaController.scala:672)
	at kafka.server.KafkaServer.startup(KafkaServer.scala:228)
	at kafka.server.KafkaServerStartable.startup(KafkaServerStartable.scala:39)
	at kafka.Kafka$.main(Kafka.scala:67)
	at kafka.Kafka.main(Kafka.scala)
[2017-12-25 09:01:49,839] TRACE Controller 0 epoch 3 sending UpdateMetadata request (Leader:0,ISR:0,LeaderEpoch:1,ControllerEpoch:2) to broker 0 for partition log-0 (state.change.logger)
[2017-12-25 09:01:49,960] TRACE Controller 0 epoch 3 changed state of replica 0 for partition [log,0] from ReplicaDeletionIneligible to OnlineReplica (state.change.logger)
[2017-12-25 09:01:49,980] TRACE Controller 0 epoch 3 sending become-leader LeaderAndIsr request (Leader:0,ISR:0,LeaderEpoch:1,ControllerEpoch:2) to broker 0 for partition [log,0] (state.change.logger)
[2017-12-25 09:01:49,990] TRACE Controller 0 epoch 3 sending UpdateMetadata request (Leader:0,ISR:0,LeaderEpoch:1,ControllerEpoch:2) to broker 0 for partition log-0 (state.change.logger)
[2017-12-25 09:01:49,990] TRACE Controller 0 epoch 3 started leader election for partition [log,0] (state.change.logger)
[2017-12-25 09:01:50,082] TRACE Controller 0 epoch 3 elected leader 0 for Offline partition [log,0] (state.change.logger)
[2017-12-25 09:01:50,082] TRACE Controller 0 epoch 3 changed partition [log,0] from OfflinePartition to OnlinePartition with leader 0 (state.change.logger)
[2017-12-25 09:01:50,082] TRACE Controller 0 epoch 3 sending become-leader LeaderAndIsr request (Leader:0,ISR:0,LeaderEpoch:2,ControllerEpoch:3) to broker 0 for partition [log,0] (state.change.logger)
[2017-12-25 09:01:50,082] TRACE Controller 0 epoch 3 sending UpdateMetadata request (Leader:0,ISR:0,LeaderEpoch:2,ControllerEpoch:3) to broker 0 for partition log-0 (state.change.logger)
[2017-12-25 09:01:50,112] TRACE Broker 0 cached leader info (LeaderAndIsrInfo:(Leader:0,ISR:0,LeaderEpoch:1,ControllerEpoch:2),ReplicationFactor:1),AllReplicas:0) for partition log-0 in response to UpdateMetadata request sent by controller 0 epoch 3 with correlation id 0 (state.change.logger)
[2017-12-25 09:01:50,132] TRACE Controller 0 epoch 3 received response {error_code=0} for a request sent to broker Temp-PhuongHPT.fsoft.fpt.vn:9092 (id: 0 rack: null) (state.change.logger)
[2017-12-25 09:01:50,192] TRACE Broker 0 received LeaderAndIsr request PartitionState(controllerEpoch=2, leader=0, leaderEpoch=1, isr=[0], zkVersion=1, replicas=[0]) correlation id 1 from controller 0 epoch 3 for partition [log,0] (state.change.logger)
[2017-12-25 09:01:50,202] TRACE Broker 0 handling LeaderAndIsr request correlationId 1 from controller 0 epoch 3 starting the become-leader transition for partition [log,0] (state.change.logger)
[2017-12-25 09:01:50,232] TRACE Broker 0 stopped fetchers as part of become-leader request from controller 0 epoch 3 with correlation id 1 for partition [log,0] (state.change.logger)
[2017-12-25 09:01:50,232] TRACE Broker 0 completed LeaderAndIsr request correlationId 1 from controller 0 epoch 3 for the become-leader transition for partition [log,0] (state.change.logger)
[2017-12-25 09:01:50,242] TRACE Controller 0 epoch 3 received response {error_code=0,partitions=[{topic=log,partition=0,error_code=0}]} for a request sent to broker Temp-PhuongHPT.fsoft.fpt.vn:9092 (id: 0 rack: null) (state.change.logger)
[2017-12-25 09:01:50,242] TRACE Broker 0 cached leader info (LeaderAndIsrInfo:(Leader:0,ISR:0,LeaderEpoch:1,ControllerEpoch:2),ReplicationFactor:1),AllReplicas:0) for partition log-0 in response to UpdateMetadata request sent by controller 0 epoch 3 with correlation id 2 (state.change.logger)
[2017-12-25 09:01:50,242] TRACE Controller 0 epoch 3 received response {error_code=0} for a request sent to broker Temp-PhuongHPT.fsoft.fpt.vn:9092 (id: 0 rack: null) (state.change.logger)
[2017-12-25 09:01:50,252] TRACE Broker 0 received LeaderAndIsr request PartitionState(controllerEpoch=3, leader=0, leaderEpoch=2, isr=[0], zkVersion=2, replicas=[0]) correlation id 3 from controller 0 epoch 3 for partition [log,0] (state.change.logger)
[2017-12-25 09:01:50,252] TRACE Broker 0 handling LeaderAndIsr request correlationId 3 from controller 0 epoch 3 starting the become-leader transition for partition [log,0] (state.change.logger)
[2017-12-25 09:01:50,252] INFO Broker 0 skipped the become-leader state change after marking its partition as leader with correlation id 3 from controller 0 epoch 3 for partition [log,0] since it is already the leader for the partition. (state.change.logger)
[2017-12-25 09:01:50,252] TRACE Broker 0 completed LeaderAndIsr request correlationId 3 from controller 0 epoch 3 for the become-leader transition for partition [log,0] (state.change.logger)
[2017-12-25 09:01:50,252] TRACE Controller 0 epoch 3 received response {error_code=0,partitions=[{topic=log,partition=0,error_code=0}]} for a request sent to broker Temp-PhuongHPT.fsoft.fpt.vn:9092 (id: 0 rack: null) (state.change.logger)
[2017-12-25 09:01:50,252] TRACE Broker 0 cached leader info (LeaderAndIsrInfo:(Leader:0,ISR:0,LeaderEpoch:2,ControllerEpoch:3),ReplicationFactor:1),AllReplicas:0) for partition log-0 in response to UpdateMetadata request sent by controller 0 epoch 3 with correlation id 4 (state.change.logger)
[2017-12-25 09:01:50,252] TRACE Controller 0 epoch 3 received response {error_code=0} for a request sent to broker Temp-PhuongHPT.fsoft.fpt.vn:9092 (id: 0 rack: null) (state.change.logger)
[2017-12-28 13:20:35,565] TRACE Controller 0 epoch 4 started leader election for partition [log,0] (state.change.logger)
