[2018-01-17 16:06:54,873] INFO KafkaConfig values: 
	advertised.host.name = null
	advertised.listeners = null
	advertised.port = null
	authorizer.class.name = 
	auto.create.topics.enable = true
	auto.leader.rebalance.enable = true
	background.threads = 10
	broker.id = 0
	broker.id.generation.enable = true
	broker.rack = null
	compression.type = producer
	connections.max.idle.ms = 600000
	controlled.shutdown.enable = true
	controlled.shutdown.max.retries = 3
	controlled.shutdown.retry.backoff.ms = 5000
	controller.socket.timeout.ms = 30000
	default.replication.factor = 1
	delete.topic.enable = false
	fetch.purgatory.purge.interval.requests = 1000
	group.max.session.timeout.ms = 300000
	group.min.session.timeout.ms = 6000
	host.name = 
	inter.broker.protocol.version = 0.10.1-IV2
	leader.imbalance.check.interval.seconds = 300
	leader.imbalance.per.broker.percentage = 10
	listeners = null
	log.cleaner.backoff.ms = 15000
	log.cleaner.dedupe.buffer.size = 134217728
	log.cleaner.delete.retention.ms = 86400000
	log.cleaner.enable = true
	log.cleaner.io.buffer.load.factor = 0.9
	log.cleaner.io.buffer.size = 524288
	log.cleaner.io.max.bytes.per.second = 1.7976931348623157E308
	log.cleaner.min.cleanable.ratio = 0.5
	log.cleaner.min.compaction.lag.ms = 0
	log.cleaner.threads = 1
	log.cleanup.policy = [delete]
	log.dir = /tmp/kafka-logs
	log.dirs = ..//kafka-logs
	log.flush.interval.messages = 9223372036854775807
	log.flush.interval.ms = null
	log.flush.offset.checkpoint.interval.ms = 60000
	log.flush.scheduler.interval.ms = 9223372036854775807
	log.index.interval.bytes = 4096
	log.index.size.max.bytes = 10485760
	log.message.format.version = 0.10.1-IV2
	log.message.timestamp.difference.max.ms = 9223372036854775807
	log.message.timestamp.type = CreateTime
	log.preallocate = false
	log.retention.bytes = -1
	log.retention.check.interval.ms = 300000
	log.retention.hours = 168
	log.retention.minutes = null
	log.retention.ms = null
	log.roll.hours = 168
	log.roll.jitter.hours = 0
	log.roll.jitter.ms = null
	log.roll.ms = null
	log.segment.bytes = 1073741824
	log.segment.delete.delay.ms = 60000
	max.connections.per.ip = 2147483647
	max.connections.per.ip.overrides = 
	message.max.bytes = 1000012
	metric.reporters = []
	metrics.num.samples = 2
	metrics.sample.window.ms = 30000
	min.insync.replicas = 1
	num.io.threads = 8
	num.network.threads = 3
	num.partitions = 1
	num.recovery.threads.per.data.dir = 1
	num.replica.fetchers = 1
	offset.metadata.max.bytes = 4096
	offsets.commit.required.acks = -1
	offsets.commit.timeout.ms = 5000
	offsets.load.buffer.size = 5242880
	offsets.retention.check.interval.ms = 600000
	offsets.retention.minutes = 1440
	offsets.topic.compression.codec = 0
	offsets.topic.num.partitions = 50
	offsets.topic.replication.factor = 3
	offsets.topic.segment.bytes = 104857600
	port = 9092
	principal.builder.class = class org.apache.kafka.common.security.auth.DefaultPrincipalBuilder
	producer.purgatory.purge.interval.requests = 1000
	queued.max.requests = 500
	quota.consumer.default = 9223372036854775807
	quota.producer.default = 9223372036854775807
	quota.window.num = 11
	quota.window.size.seconds = 1
	replica.fetch.backoff.ms = 1000
	replica.fetch.max.bytes = 1048576
	replica.fetch.min.bytes = 1
	replica.fetch.response.max.bytes = 10485760
	replica.fetch.wait.max.ms = 500
	replica.high.watermark.checkpoint.interval.ms = 5000
	replica.lag.time.max.ms = 10000
	replica.socket.receive.buffer.bytes = 65536
	replica.socket.timeout.ms = 30000
	replication.quota.window.num = 11
	replication.quota.window.size.seconds = 1
	request.timeout.ms = 30000
	reserved.broker.max.id = 1000
	sasl.enabled.mechanisms = [GSSAPI]
	sasl.kerberos.kinit.cmd = /usr/bin/kinit
	sasl.kerberos.min.time.before.relogin = 60000
	sasl.kerberos.principal.to.local.rules = [DEFAULT]
	sasl.kerberos.service.name = null
	sasl.kerberos.ticket.renew.jitter = 0.05
	sasl.kerberos.ticket.renew.window.factor = 0.8
	sasl.mechanism.inter.broker.protocol = GSSAPI
	security.inter.broker.protocol = PLAINTEXT
	socket.receive.buffer.bytes = 102400
	socket.request.max.bytes = 104857600
	socket.send.buffer.bytes = 102400
	ssl.cipher.suites = null
	ssl.client.auth = none
	ssl.enabled.protocols = [TLSv1.2, TLSv1.1, TLSv1]
	ssl.endpoint.identification.algorithm = null
	ssl.key.password = null
	ssl.keymanager.algorithm = SunX509
	ssl.keystore.location = null
	ssl.keystore.password = null
	ssl.keystore.type = JKS
	ssl.protocol = TLS
	ssl.provider = null
	ssl.secure.random.implementation = null
	ssl.trustmanager.algorithm = PKIX
	ssl.truststore.location = null
	ssl.truststore.password = null
	ssl.truststore.type = JKS
	unclean.leader.election.enable = true
	zookeeper.connect = localhost:2181
	zookeeper.connection.timeout.ms = 6000
	zookeeper.session.timeout.ms = 6000
	zookeeper.set.acl = false
	zookeeper.sync.time.ms = 2000
 (kafka.server.KafkaConfig)
[2018-01-17 16:06:55,015] INFO starting (kafka.server.KafkaServer)
[2018-01-17 16:06:55,029] INFO [ThrottledRequestReaper-Fetch], Starting  (kafka.server.ClientQuotaManager$ThrottledRequestReaper)
[2018-01-17 16:06:55,031] INFO [ThrottledRequestReaper-Produce], Starting  (kafka.server.ClientQuotaManager$ThrottledRequestReaper)
[2018-01-17 16:06:55,034] INFO Connecting to zookeeper on localhost:2181 (kafka.server.KafkaServer)
[2018-01-17 16:06:55,045] INFO Starting ZkClient event thread. (org.I0Itec.zkclient.ZkEventThread)
[2018-01-17 16:06:55,051] INFO Client environment:zookeeper.version=3.4.8--1, built on 02/06/2016 03:18 GMT (org.apache.zookeeper.ZooKeeper)
[2018-01-17 16:06:55,051] INFO Client environment:host.name=Temp-PhuongHPT.fsoft.fpt.vn (org.apache.zookeeper.ZooKeeper)
[2018-01-17 16:06:55,051] INFO Client environment:java.version=1.8.0_144 (org.apache.zookeeper.ZooKeeper)
[2018-01-17 16:06:55,051] INFO Client environment:java.vendor=Oracle Corporation (org.apache.zookeeper.ZooKeeper)
[2018-01-17 16:06:55,051] INFO Client environment:java.home=C:\Program Files\Java\jdk1.8.0_144\jre (org.apache.zookeeper.ZooKeeper)
[2018-01-17 16:06:55,051] INFO Client environment:java.class.path=C:\Users\phuonghpt\Documents\webanalytic\DjangoPractice\draft_phuonganalytic1-firstdemo\tool\kafka_2.11-0.10.1.0\libs\aopalliance-repackaged-2.4.0-b34.jar;C:\Users\phuonghpt\Documents\webanalytic\DjangoPractice\draft_phuonganalytic1-firstdemo\tool\kafka_2.11-0.10.1.0\libs\argparse4j-0.5.0.jar;C:\Users\phuonghpt\Documents\webanalytic\DjangoPractice\draft_phuonganalytic1-firstdemo\tool\kafka_2.11-0.10.1.0\libs\connect-api-0.10.1.0.jar;C:\Users\phuonghpt\Documents\webanalytic\DjangoPractice\draft_phuonganalytic1-firstdemo\tool\kafka_2.11-0.10.1.0\libs\connect-file-0.10.1.0.jar;C:\Users\phuonghpt\Documents\webanalytic\DjangoPractice\draft_phuonganalytic1-firstdemo\tool\kafka_2.11-0.10.1.0\libs\connect-json-0.10.1.0.jar;C:\Users\phuonghpt\Documents\webanalytic\DjangoPractice\draft_phuonganalytic1-firstdemo\tool\kafka_2.11-0.10.1.0\libs\connect-runtime-0.10.1.0.jar;C:\Users\phuonghpt\Documents\webanalytic\DjangoPractice\draft_phuonganalytic1-firstdemo\tool\kafka_2.11-0.10.1.0\libs\guava-18.0.jar;C:\Users\phuonghpt\Documents\webanalytic\DjangoPractice\draft_phuonganalytic1-firstdemo\tool\kafka_2.11-0.10.1.0\libs\hk2-api-2.4.0-b34.jar;C:\Users\phuonghpt\Documents\webanalytic\DjangoPractice\draft_phuonganalytic1-firstdemo\tool\kafka_2.11-0.10.1.0\libs\hk2-locator-2.4.0-b34.jar;C:\Users\phuonghpt\Documents\webanalytic\DjangoPractice\draft_phuonganalytic1-firstdemo\tool\kafka_2.11-0.10.1.0\libs\hk2-utils-2.4.0-b34.jar;C:\Users\phuonghpt\Documents\webanalytic\DjangoPractice\draft_phuonganalytic1-firstdemo\tool\kafka_2.11-0.10.1.0\libs\jackson-annotations-2.6.0.jar;C:\Users\phuonghpt\Documents\webanalytic\DjangoPractice\draft_phuonganalytic1-firstdemo\tool\kafka_2.11-0.10.1.0\libs\jackson-core-2.6.3.jar;C:\Users\phuonghpt\Documents\webanalytic\DjangoPractice\draft_phuonganalytic1-firstdemo\tool\kafka_2.11-0.10.1.0\libs\jackson-databind-2.6.3.jar;C:\Users\phuonghpt\Documents\webanalytic\DjangoPractice\draft_phuonganalytic1-firstdemo\tool\kafka_2.11-0.10.1.0\libs\jackson-jaxrs-base-2.6.3.jar;C:\Users\phuonghpt\Documents\webanalytic\DjangoPractice\draft_phuonganalytic1-firstdemo\tool\kafka_2.11-0.10.1.0\libs\jackson-jaxrs-json-provider-2.6.3.jar;C:\Users\phuonghpt\Documents\webanalytic\DjangoPractice\draft_phuonganalytic1-firstdemo\tool\kafka_2.11-0.10.1.0\libs\jackson-module-jaxb-annotations-2.6.3.jar;C:\Users\phuonghpt\Documents\webanalytic\DjangoPractice\draft_phuonganalytic1-firstdemo\tool\kafka_2.11-0.10.1.0\libs\javassist-3.18.2-GA.jar;C:\Users\phuonghpt\Documents\webanalytic\DjangoPractice\draft_phuonganalytic1-firstdemo\tool\kafka_2.11-0.10.1.0\libs\javax.annotation-api-1.2.jar;C:\Users\phuonghpt\Documents\webanalytic\DjangoPractice\draft_phuonganalytic1-firstdemo\tool\kafka_2.11-0.10.1.0\libs\javax.inject-1.jar;C:\Users\phuonghpt\Documents\webanalytic\DjangoPractice\draft_phuonganalytic1-firstdemo\tool\kafka_2.11-0.10.1.0\libs\javax.inject-2.4.0-b34.jar;C:\Users\phuonghpt\Documents\webanalytic\DjangoPractice\draft_phuonganalytic1-firstdemo\tool\kafka_2.11-0.10.1.0\libs\javax.servlet-api-3.1.0.jar;C:\Users\phuonghpt\Documents\webanalytic\DjangoPractice\draft_phuonganalytic1-firstdemo\tool\kafka_2.11-0.10.1.0\libs\javax.ws.rs-api-2.0.1.jar;C:\Users\phuonghpt\Documents\webanalytic\DjangoPractice\draft_phuonganalytic1-firstdemo\tool\kafka_2.11-0.10.1.0\libs\jersey-client-2.22.2.jar;C:\Users\phuonghpt\Documents\webanalytic\DjangoPractice\draft_phuonganalytic1-firstdemo\tool\kafka_2.11-0.10.1.0\libs\jersey-common-2.22.2.jar;C:\Users\phuonghpt\Documents\webanalytic\DjangoPractice\draft_phuonganalytic1-firstdemo\tool\kafka_2.11-0.10.1.0\libs\jersey-container-servlet-2.22.2.jar;C:\Users\phuonghpt\Documents\webanalytic\DjangoPractice\draft_phuonganalytic1-firstdemo\tool\kafka_2.11-0.10.1.0\libs\jersey-container-servlet-core-2.22.2.jar;C:\Users\phuonghpt\Documents\webanalytic\DjangoPractice\draft_phuonganalytic1-firstdemo\tool\kafka_2.11-0.10.1.0\libs\jersey-guava-2.22.2.jar;C:\Users\phuonghpt\Documents\webanalytic\DjangoPractice\draft_phuonganalytic1-firstdemo\tool\kafka_2.11-0.10.1.0\libs\jersey-media-jaxb-2.22.2.jar;C:\Users\phuonghpt\Documents\webanalytic\DjangoPractice\draft_phuonganalytic1-firstdemo\tool\kafka_2.11-0.10.1.0\libs\jersey-server-2.22.2.jar;C:\Users\phuonghpt\Documents\webanalytic\DjangoPractice\draft_phuonganalytic1-firstdemo\tool\kafka_2.11-0.10.1.0\libs\jetty-continuation-9.2.15.v20160210.jar;C:\Users\phuonghpt\Documents\webanalytic\DjangoPractice\draft_phuonganalytic1-firstdemo\tool\kafka_2.11-0.10.1.0\libs\jetty-http-9.2.15.v20160210.jar;C:\Users\phuonghpt\Documents\webanalytic\DjangoPractice\draft_phuonganalytic1-firstdemo\tool\kafka_2.11-0.10.1.0\libs\jetty-io-9.2.15.v20160210.jar;C:\Users\phuonghpt\Documents\webanalytic\DjangoPractice\draft_phuonganalytic1-firstdemo\tool\kafka_2.11-0.10.1.0\libs\jetty-security-9.2.15.v20160210.jar;C:\Users\phuonghpt\Documents\webanalytic\DjangoPractice\draft_phuonganalytic1-firstdemo\tool\kafka_2.11-0.10.1.0\libs\jetty-server-9.2.15.v20160210.jar;C:\Users\phuonghpt\Documents\webanalytic\DjangoPractice\draft_phuonganalytic1-firstdemo\tool\kafka_2.11-0.10.1.0\libs\jetty-servlet-9.2.15.v20160210.jar;C:\Users\phuonghpt\Documents\webanalytic\DjangoPractice\draft_phuonganalytic1-firstdemo\tool\kafka_2.11-0.10.1.0\libs\jetty-servlets-9.2.15.v20160210.jar;C:\Users\phuonghpt\Documents\webanalytic\DjangoPractice\draft_phuonganalytic1-firstdemo\tool\kafka_2.11-0.10.1.0\libs\jetty-util-9.2.15.v20160210.jar;C:\Users\phuonghpt\Documents\webanalytic\DjangoPractice\draft_phuonganalytic1-firstdemo\tool\kafka_2.11-0.10.1.0\libs\jopt-simple-4.9.jar;C:\Users\phuonghpt\Documents\webanalytic\DjangoPractice\draft_phuonganalytic1-firstdemo\tool\kafka_2.11-0.10.1.0\libs\kafka-clients-0.10.1.0.jar;C:\Users\phuonghpt\Documents\webanalytic\DjangoPractice\draft_phuonganalytic1-firstdemo\tool\kafka_2.11-0.10.1.0\libs\kafka-log4j-appender-0.10.1.0.jar;C:\Users\phuonghpt\Documents\webanalytic\DjangoPractice\draft_phuonganalytic1-firstdemo\tool\kafka_2.11-0.10.1.0\libs\kafka-streams-0.10.1.0.jar;C:\Users\phuonghpt\Documents\webanalytic\DjangoPractice\draft_phuonganalytic1-firstdemo\tool\kafka_2.11-0.10.1.0\libs\kafka-streams-examples-0.10.1.0.jar;C:\Users\phuonghpt\Documents\webanalytic\DjangoPractice\draft_phuonganalytic1-firstdemo\tool\kafka_2.11-0.10.1.0\libs\kafka-tools-0.10.1.0.jar;C:\Users\phuonghpt\Documents\webanalytic\DjangoPractice\draft_phuonganalytic1-firstdemo\tool\kafka_2.11-0.10.1.0\libs\kafka_2.11-0.10.1.0-javadoc.jar;C:\Users\phuonghpt\Documents\webanalytic\DjangoPractice\draft_phuonganalytic1-firstdemo\tool\kafka_2.11-0.10.1.0\libs\kafka_2.11-0.10.1.0-scaladoc.jar;C:\Users\phuonghpt\Documents\webanalytic\DjangoPractice\draft_phuonganalytic1-firstdemo\tool\kafka_2.11-0.10.1.0\libs\kafka_2.11-0.10.1.0-sources.jar;C:\Users\phuonghpt\Documents\webanalytic\DjangoPractice\draft_phuonganalytic1-firstdemo\tool\kafka_2.11-0.10.1.0\libs\kafka_2.11-0.10.1.0-test-sources.jar;C:\Users\phuonghpt\Documents\webanalytic\DjangoPractice\draft_phuonganalytic1-firstdemo\tool\kafka_2.11-0.10.1.0\libs\kafka_2.11-0.10.1.0-test.jar;C:\Users\phuonghpt\Documents\webanalytic\DjangoPractice\draft_phuonganalytic1-firstdemo\tool\kafka_2.11-0.10.1.0\libs\kafka_2.11-0.10.1.0.jar;C:\Users\phuonghpt\Documents\webanalytic\DjangoPractice\draft_phuonganalytic1-firstdemo\tool\kafka_2.11-0.10.1.0\libs\log4j-1.2.17.jar;C:\Users\phuonghpt\Documents\webanalytic\DjangoPractice\draft_phuonganalytic1-firstdemo\tool\kafka_2.11-0.10.1.0\libs\lz4-1.3.0.jar;C:\Users\phuonghpt\Documents\webanalytic\DjangoPractice\draft_phuonganalytic1-firstdemo\tool\kafka_2.11-0.10.1.0\libs\metrics-core-2.2.0.jar;C:\Users\phuonghpt\Documents\webanalytic\DjangoPractice\draft_phuonganalytic1-firstdemo\tool\kafka_2.11-0.10.1.0\libs\osgi-resource-locator-1.0.1.jar;C:\Users\phuonghpt\Documents\webanalytic\DjangoPractice\draft_phuonganalytic1-firstdemo\tool\kafka_2.11-0.10.1.0\libs\reflections-0.9.10.jar;C:\Users\phuonghpt\Documents\webanalytic\DjangoPractice\draft_phuonganalytic1-firstdemo\tool\kafka_2.11-0.10.1.0\libs\rocksdbjni-4.9.0.jar;C:\Users\phuonghpt\Documents\webanalytic\DjangoPractice\draft_phuonganalytic1-firstdemo\tool\kafka_2.11-0.10.1.0\libs\scala-library-2.11.8.jar;C:\Users\phuonghpt\Documents\webanalytic\DjangoPractice\draft_phuonganalytic1-firstdemo\tool\kafka_2.11-0.10.1.0\libs\scala-parser-combinators_2.11-1.0.4.jar;C:\Users\phuonghpt\Documents\webanalytic\DjangoPractice\draft_phuonganalytic1-firstdemo\tool\kafka_2.11-0.10.1.0\libs\slf4j-api-1.7.21.jar;C:\Users\phuonghpt\Documents\webanalytic\DjangoPractice\draft_phuonganalytic1-firstdemo\tool\kafka_2.11-0.10.1.0\libs\slf4j-log4j12-1.7.21.jar;C:\Users\phuonghpt\Documents\webanalytic\DjangoPractice\draft_phuonganalytic1-firstdemo\tool\kafka_2.11-0.10.1.0\libs\snappy-java-1.1.2.6.jar;C:\Users\phuonghpt\Documents\webanalytic\DjangoPractice\draft_phuonganalytic1-firstdemo\tool\kafka_2.11-0.10.1.0\libs\validation-api-1.1.0.Final.jar;C:\Users\phuonghpt\Documents\webanalytic\DjangoPractice\draft_phuonganalytic1-firstdemo\tool\kafka_2.11-0.10.1.0\libs\zkclient-0.9.jar;C:\Users\phuonghpt\Documents\webanalytic\DjangoPractice\draft_phuonganalytic1-firstdemo\tool\kafka_2.11-0.10.1.0\libs\zookeeper-3.4.8.jar (org.apache.zookeeper.ZooKeeper)
[2018-01-17 16:06:55,052] INFO Client environment:java.library.path=C:\Program Files\Java\jdk1.8.0_144\bin;C:\Windows\Sun\Java\bin;C:\Windows\system32;C:\Windows;C:\Program Files\ImageMagick-7.0.7-Q16;C:\ProgramData\Oracle\Java\javapath;C:\Program Files (x86)\Intel\iCLS Client\;C:\Program Files\Intel\iCLS Client\;C:\Windows\system32;C:\Windows;C:\Windows\System32\Wbem;C:\Windows\System32\WindowsPowerShell\v1.0\;C:\Program Files (x86)\Intel\Intel(R) Management Engine Components\DAL;C:\Program Files\Intel\Intel(R) Management Engine Components\DAL;C:\Program Files (x86)\Intel\Intel(R) Management Engine Components\IPT;C:\Program Files\Intel\Intel(R) Management Engine Components\IPT;C:\Program Files (x86)\Skype\Phone\;C:\Program Files (x86)\Gow\bin;C:\ProgramData\Anaconda3\Scripts;C:\Program Files\nodejs\;C:\Program Files\Git\cmd;C:\Program Files (x86)\Bitvise SSH Client;C:\Program Files\Microsoft SQL Server\120\DTS\Binn\;C:\Program Files\Microsoft SQL Server\Client SDK\ODBC\110\Tools\Binn\;C:\Program Files (x86)\Microsoft SQL Server\120\Tools\Binn\;C:\Program Files\Microsoft SQL Server\120\Tools\Binn\;C:\Program Files (x86)\Microsoft SQL Server\120\Tools\Binn\ManagementStudio\;C:\Program Files (x86)\Microsoft SQL Server\120\DTS\Binn\;C:\Program Files (x86)\Microsoft Visual Studio 12.0\Common7\IDE\PrivateAssemblies\;C:\ProgramData\Anaconda3\Scripts;C:\ProgramData\chocolatey\bin;C:\ProgramData\Anaconda3\envs\webanalytic\;C:\Users\phuonghpt\Documents\webanalytic\spark-2.2.1-bin-hadoop2.7\bin;C:\Users\phuonghpt\AppData\Roaming\npm;C:\Program Files\Microsoft VS Code\bin;C:\Program Files\Heroku\bin;C:\Users\phuonghpt\AppData\Local\GitHubDesktop\bin;C:\Users\phuonghpt\AppData\Local\Programs\Fiddler;C:\Users\phuonghpt\Documents\webanalytic\tool\zookeeper-3.4.10\bin;;. (org.apache.zookeeper.ZooKeeper)
[2018-01-17 16:06:55,052] INFO Client environment:java.io.tmpdir=C:\Users\PHUONG~1\AppData\Local\Temp\ (org.apache.zookeeper.ZooKeeper)
[2018-01-17 16:06:55,052] INFO Client environment:java.compiler=<NA> (org.apache.zookeeper.ZooKeeper)
[2018-01-17 16:06:55,052] INFO Client environment:os.name=Windows 7 (org.apache.zookeeper.ZooKeeper)
[2018-01-17 16:06:55,052] INFO Client environment:os.arch=amd64 (org.apache.zookeeper.ZooKeeper)
[2018-01-17 16:06:55,052] INFO Client environment:os.version=6.1 (org.apache.zookeeper.ZooKeeper)
[2018-01-17 16:06:55,052] INFO Client environment:user.name=phuonghpt (org.apache.zookeeper.ZooKeeper)
[2018-01-17 16:06:55,052] INFO Client environment:user.home=C:\Users\phuonghpt (org.apache.zookeeper.ZooKeeper)
[2018-01-17 16:06:55,052] INFO Client environment:user.dir=C:\Users\phuonghpt\Documents\webanalytic\DjangoPractice\draft_phuonganalytic1-firstdemo\tool\kafka_2.11-0.10.1.0 (org.apache.zookeeper.ZooKeeper)
[2018-01-17 16:06:55,053] INFO Initiating client connection, connectString=localhost:2181 sessionTimeout=6000 watcher=org.I0Itec.zkclient.ZkClient@44ebcd03 (org.apache.zookeeper.ZooKeeper)
[2018-01-17 16:06:55,074] INFO Waiting for keeper state SyncConnected (org.I0Itec.zkclient.ZkClient)
[2018-01-17 16:06:55,077] INFO Opening socket connection to server 0:0:0:0:0:0:0:1/0:0:0:0:0:0:0:1:2181. Will not attempt to authenticate using SASL (unknown error) (org.apache.zookeeper.ClientCnxn)
[2018-01-17 16:06:55,079] INFO Socket connection established to 0:0:0:0:0:0:0:1/0:0:0:0:0:0:0:1:2181, initiating session (org.apache.zookeeper.ClientCnxn)
[2018-01-17 16:06:55,148] INFO Session establishment complete on server 0:0:0:0:0:0:0:1/0:0:0:0:0:0:0:1:2181, sessionid = 0x161035ee44a0000, negotiated timeout = 6000 (org.apache.zookeeper.ClientCnxn)
[2018-01-17 16:06:55,149] INFO zookeeper state changed (SyncConnected) (org.I0Itec.zkclient.ZkClient)
[2018-01-17 16:06:55,261] INFO Cluster ID = zx1NSd3TTleJrtDH9XIuvg (kafka.server.KafkaServer)
[2018-01-17 16:06:55,295] INFO Loading logs. (kafka.log.LogManager)
[2018-01-17 16:06:55,334] WARN Found a corrupted index file due to requirement failed: Corrupt index found, index file (C:\Users\phuonghpt\Documents\webanalytic\DjangoPractice\draft_phuonganalytic1-firstdemo\tool\kafka_2.11-0.10.1.0\..\kafka-logs\log-0\00000000000000003038.index) has non-zero size but the last offset is 3038 which is no larger than the base offset 3038.}. deleting C:\Users\phuonghpt\Documents\webanalytic\DjangoPractice\draft_phuonganalytic1-firstdemo\tool\kafka_2.11-0.10.1.0\..\kafka-logs\log-0\00000000000000003038.timeindex, C:\Users\phuonghpt\Documents\webanalytic\DjangoPractice\draft_phuonganalytic1-firstdemo\tool\kafka_2.11-0.10.1.0\..\kafka-logs\log-0\00000000000000003038.index and rebuilding index... (kafka.log.Log)
[2018-01-17 16:06:55,400] INFO Recovering unflushed segment 3038 in log log-0. (kafka.log.Log)
[2018-01-17 16:06:55,413] INFO Completed load of log log-0 with 4 log segments and log end offset 3110 in 106 ms (kafka.log.Log)
[2018-01-17 16:06:55,418] INFO Logs loading complete in 123 ms. (kafka.log.LogManager)
[2018-01-17 16:06:55,484] INFO Starting log cleanup with a period of 300000 ms. (kafka.log.LogManager)
[2018-01-17 16:06:55,486] INFO Starting log flusher with a default period of 9223372036854775807 ms. (kafka.log.LogManager)
[2018-01-17 16:06:55,527] INFO Awaiting socket connections on 0.0.0.0:9092. (kafka.network.Acceptor)
[2018-01-17 16:06:55,532] INFO [Socket Server on Broker 0], Started 1 acceptor threads (kafka.network.SocketServer)
[2018-01-17 16:06:55,548] INFO [ExpirationReaper-0], Starting  (kafka.server.DelayedOperationPurgatory$ExpiredOperationReaper)
[2018-01-17 16:06:55,549] INFO [ExpirationReaper-0], Starting  (kafka.server.DelayedOperationPurgatory$ExpiredOperationReaper)
[2018-01-17 16:06:55,583] INFO Creating /controller (is it secure? false) (kafka.utils.ZKCheckedEphemeral)
[2018-01-17 16:06:55,699] INFO Result of znode creation is: OK (kafka.utils.ZKCheckedEphemeral)
[2018-01-17 16:06:55,699] INFO 0 successfully elected as leader (kafka.server.ZookeeperLeaderElector)
[2018-01-17 16:06:55,871] INFO New leader is 0 (kafka.server.ZookeeperLeaderElector$LeaderChangeListener)
[2018-01-17 16:06:55,881] INFO [ExpirationReaper-0], Starting  (kafka.server.DelayedOperationPurgatory$ExpiredOperationReaper)
[2018-01-17 16:06:55,884] INFO [GroupCoordinator 0]: Starting up. (kafka.coordinator.GroupCoordinator)
[2018-01-17 16:06:55,885] INFO [GroupCoordinator 0]: Startup complete. (kafka.coordinator.GroupCoordinator)
[2018-01-17 16:06:55,886] INFO [ExpirationReaper-0], Starting  (kafka.server.DelayedOperationPurgatory$ExpiredOperationReaper)
[2018-01-17 16:06:55,886] INFO [ExpirationReaper-0], Starting  (kafka.server.DelayedOperationPurgatory$ExpiredOperationReaper)
[2018-01-17 16:06:55,900] INFO [Group Metadata Manager on Broker 0]: Removed 0 expired offsets in 1 milliseconds. (kafka.coordinator.GroupMetadataManager)
[2018-01-17 16:06:55,903] INFO Will not load MX4J, mx4j-tools.jar is not in the classpath (kafka.utils.Mx4jLoader$)
[2018-01-17 16:06:55,956] INFO Creating /brokers/ids/0 (is it secure? false) (kafka.utils.ZKCheckedEphemeral)
[2018-01-17 16:06:55,986] INFO Result of znode creation is: OK (kafka.utils.ZKCheckedEphemeral)
[2018-01-17 16:06:55,994] INFO Registered broker 0 at path /brokers/ids/0 with addresses: PLAINTEXT -> EndPoint(Temp-PhuongHPT.fsoft.fpt.vn,9092,PLAINTEXT) (kafka.utils.ZkUtils)
[2018-01-17 16:06:56,001] INFO Kafka version : 0.10.1.0 (org.apache.kafka.common.utils.AppInfoParser)
[2018-01-17 16:06:56,001] INFO Kafka commitId : 3402a74efb23d1d4 (org.apache.kafka.common.utils.AppInfoParser)
[2018-01-17 16:06:56,002] INFO [Kafka Server 0], started (kafka.server.KafkaServer)
[2018-01-17 16:06:56,201] INFO [ReplicaFetcherManager on broker 0] Removed fetcher for partitions log-0 (kafka.server.ReplicaFetcherManager)
[2018-01-17 16:06:56,226] INFO [ReplicaFetcherManager on broker 0] Removed fetcher for partitions log-0 (kafka.server.ReplicaFetcherManager)
[2018-01-17 16:07:25,524] INFO Scheduling log segment 0 for log log-0 for deletion. (kafka.log.Log)
[2018-01-17 16:07:25,565] ERROR Uncaught exception in scheduled task 'kafka-log-retention' (kafka.utils.KafkaScheduler)
kafka.common.KafkaStorageException: Failed to change the log file suffix from  to .deleted for log segment 0
	at kafka.log.LogSegment.kafkaStorageException$1(LogSegment.scala:327)
	at kafka.log.LogSegment.changeFileSuffixes(LogSegment.scala:329)
	at kafka.log.Log.kafka$log$Log$$asyncDeleteSegment(Log.scala:953)
	at kafka.log.Log.kafka$log$Log$$deleteSegment(Log.scala:943)
	at kafka.log.Log$$anonfun$deleteOldSegments$1.apply(Log.scala:650)
	at kafka.log.Log$$anonfun$deleteOldSegments$1.apply(Log.scala:650)
	at scala.collection.immutable.List.foreach(List.scala:381)
	at kafka.log.Log.deleteOldSegments(Log.scala:650)
	at kafka.log.Log.deleteRetenionMsBreachedSegments(Log.scala:680)
	at kafka.log.Log.deleteOldSegments(Log.scala:674)
	at kafka.log.LogManager$$anonfun$cleanupLogs$3.apply(LogManager.scala:429)
	at kafka.log.LogManager$$anonfun$cleanupLogs$3.apply(LogManager.scala:427)
	at scala.collection.TraversableLike$WithFilter$$anonfun$foreach$1.apply(TraversableLike.scala:733)
	at scala.collection.Iterator$class.foreach(Iterator.scala:893)
	at scala.collection.AbstractIterator.foreach(Iterator.scala:1336)
	at scala.collection.IterableLike$class.foreach(IterableLike.scala:72)
	at scala.collection.AbstractIterable.foreach(Iterable.scala:54)
	at scala.collection.TraversableLike$WithFilter.foreach(TraversableLike.scala:732)
	at kafka.log.LogManager.cleanupLogs(LogManager.scala:427)
	at kafka.log.LogManager$$anonfun$startup$1.apply$mcV$sp(LogManager.scala:191)
	at kafka.utils.KafkaScheduler$$anonfun$1.apply$mcV$sp(KafkaScheduler.scala:110)
	at kafka.utils.CoreUtils$$anon$1.run(CoreUtils.scala:58)
	at java.util.concurrent.Executors$RunnableAdapter.call(Executors.java:511)
	at java.util.concurrent.FutureTask.runAndReset(FutureTask.java:308)
	at java.util.concurrent.ScheduledThreadPoolExecutor$ScheduledFutureTask.access$301(ScheduledThreadPoolExecutor.java:180)
	at java.util.concurrent.ScheduledThreadPoolExecutor$ScheduledFutureTask.run(ScheduledThreadPoolExecutor.java:294)
	at java.util.concurrent.ThreadPoolExecutor.runWorker(ThreadPoolExecutor.java:1149)
	at java.util.concurrent.ThreadPoolExecutor$Worker.run(ThreadPoolExecutor.java:624)
	at java.lang.Thread.run(Thread.java:748)
Caused by: java.nio.file.FileSystemException: ..\kafka-logs\log-0\00000000000000000000.log -> ..\kafka-logs\log-0\00000000000000000000.log.deleted: The process cannot access the file because it is being used by another process.

	at sun.nio.fs.WindowsException.translateToIOException(WindowsException.java:86)
	at sun.nio.fs.WindowsException.rethrowAsIOException(WindowsException.java:97)
	at sun.nio.fs.WindowsFileCopy.move(WindowsFileCopy.java:387)
	at sun.nio.fs.WindowsFileSystemProvider.move(WindowsFileSystemProvider.java:287)
	at java.nio.file.Files.move(Files.java:1395)
	at org.apache.kafka.common.utils.Utils.atomicMoveWithFallback(Utils.java:670)
	at kafka.log.FileMessageSet.renameTo(FileMessageSet.scala:427)
	... 28 more
	Suppressed: java.nio.file.FileSystemException: ..\kafka-logs\log-0\00000000000000000000.log -> ..\kafka-logs\log-0\00000000000000000000.log.deleted: The process cannot access the file because it is being used by another process.

		at sun.nio.fs.WindowsException.translateToIOException(WindowsException.java:86)
		at sun.nio.fs.WindowsException.rethrowAsIOException(WindowsException.java:97)
		at sun.nio.fs.WindowsFileCopy.move(WindowsFileCopy.java:301)
		at sun.nio.fs.WindowsFileSystemProvider.move(WindowsFileSystemProvider.java:287)
		at java.nio.file.Files.move(Files.java:1395)
		at org.apache.kafka.common.utils.Utils.atomicMoveWithFallback(Utils.java:667)
		... 29 more
[2018-01-17 16:12:25,500] INFO Scheduling log segment 1073 for log log-0 for deletion. (kafka.log.Log)
[2018-01-17 16:12:25,504] ERROR Uncaught exception in scheduled task 'kafka-log-retention' (kafka.utils.KafkaScheduler)
kafka.common.KafkaStorageException: Failed to change the log file suffix from  to .deleted for log segment 1073
	at kafka.log.LogSegment.kafkaStorageException$1(LogSegment.scala:327)
	at kafka.log.LogSegment.changeFileSuffixes(LogSegment.scala:329)
	at kafka.log.Log.kafka$log$Log$$asyncDeleteSegment(Log.scala:953)
	at kafka.log.Log.kafka$log$Log$$deleteSegment(Log.scala:943)
	at kafka.log.Log$$anonfun$deleteOldSegments$1.apply(Log.scala:650)
	at kafka.log.Log$$anonfun$deleteOldSegments$1.apply(Log.scala:650)
	at scala.collection.immutable.List.foreach(List.scala:381)
	at kafka.log.Log.deleteOldSegments(Log.scala:650)
	at kafka.log.Log.deleteRetenionMsBreachedSegments(Log.scala:680)
	at kafka.log.Log.deleteOldSegments(Log.scala:674)
	at kafka.log.LogManager$$anonfun$cleanupLogs$3.apply(LogManager.scala:429)
	at kafka.log.LogManager$$anonfun$cleanupLogs$3.apply(LogManager.scala:427)
	at scala.collection.TraversableLike$WithFilter$$anonfun$foreach$1.apply(TraversableLike.scala:733)
	at scala.collection.Iterator$class.foreach(Iterator.scala:893)
	at scala.collection.AbstractIterator.foreach(Iterator.scala:1336)
	at scala.collection.IterableLike$class.foreach(IterableLike.scala:72)
	at scala.collection.AbstractIterable.foreach(Iterable.scala:54)
	at scala.collection.TraversableLike$WithFilter.foreach(TraversableLike.scala:732)
	at kafka.log.LogManager.cleanupLogs(LogManager.scala:427)
	at kafka.log.LogManager$$anonfun$startup$1.apply$mcV$sp(LogManager.scala:191)
	at kafka.utils.KafkaScheduler$$anonfun$1.apply$mcV$sp(KafkaScheduler.scala:110)
	at kafka.utils.CoreUtils$$anon$1.run(CoreUtils.scala:58)
	at java.util.concurrent.Executors$RunnableAdapter.call(Executors.java:511)
	at java.util.concurrent.FutureTask.runAndReset(FutureTask.java:308)
	at java.util.concurrent.ScheduledThreadPoolExecutor$ScheduledFutureTask.access$301(ScheduledThreadPoolExecutor.java:180)
	at java.util.concurrent.ScheduledThreadPoolExecutor$ScheduledFutureTask.run(ScheduledThreadPoolExecutor.java:294)
	at java.util.concurrent.ThreadPoolExecutor.runWorker(ThreadPoolExecutor.java:1149)
	at java.util.concurrent.ThreadPoolExecutor$Worker.run(ThreadPoolExecutor.java:624)
	at java.lang.Thread.run(Thread.java:748)
Caused by: java.nio.file.FileSystemException: ..\kafka-logs\log-0\00000000000000001073.log -> ..\kafka-logs\log-0\00000000000000001073.log.deleted: The process cannot access the file because it is being used by another process.

	at sun.nio.fs.WindowsException.translateToIOException(WindowsException.java:86)
	at sun.nio.fs.WindowsException.rethrowAsIOException(WindowsException.java:97)
	at sun.nio.fs.WindowsFileCopy.move(WindowsFileCopy.java:387)
	at sun.nio.fs.WindowsFileSystemProvider.move(WindowsFileSystemProvider.java:287)
	at java.nio.file.Files.move(Files.java:1395)
	at org.apache.kafka.common.utils.Utils.atomicMoveWithFallback(Utils.java:670)
	at kafka.log.FileMessageSet.renameTo(FileMessageSet.scala:427)
	... 28 more
	Suppressed: java.nio.file.FileSystemException: ..\kafka-logs\log-0\00000000000000001073.log -> ..\kafka-logs\log-0\00000000000000001073.log.deleted: The process cannot access the file because it is being used by another process.

		at sun.nio.fs.WindowsException.translateToIOException(WindowsException.java:86)
		at sun.nio.fs.WindowsException.rethrowAsIOException(WindowsException.java:97)
		at sun.nio.fs.WindowsFileCopy.move(WindowsFileCopy.java:301)
		at sun.nio.fs.WindowsFileSystemProvider.move(WindowsFileSystemProvider.java:287)
		at java.nio.file.Files.move(Files.java:1395)
		at org.apache.kafka.common.utils.Utils.atomicMoveWithFallback(Utils.java:667)
		... 29 more
[2018-01-17 16:16:55,910] INFO [Group Metadata Manager on Broker 0]: Removed 0 expired offsets in 0 milliseconds. (kafka.coordinator.GroupMetadataManager)
[2018-01-17 16:17:25,512] INFO Scheduling log segment 2858 for log log-0 for deletion. (kafka.log.Log)
[2018-01-17 16:17:25,515] ERROR Uncaught exception in scheduled task 'kafka-log-retention' (kafka.utils.KafkaScheduler)
kafka.common.KafkaStorageException: Failed to change the log file suffix from  to .deleted for log segment 2858
	at kafka.log.LogSegment.kafkaStorageException$1(LogSegment.scala:327)
	at kafka.log.LogSegment.changeFileSuffixes(LogSegment.scala:329)
	at kafka.log.Log.kafka$log$Log$$asyncDeleteSegment(Log.scala:953)
	at kafka.log.Log.kafka$log$Log$$deleteSegment(Log.scala:943)
	at kafka.log.Log$$anonfun$deleteOldSegments$1.apply(Log.scala:650)
	at kafka.log.Log$$anonfun$deleteOldSegments$1.apply(Log.scala:650)
	at scala.collection.immutable.List.foreach(List.scala:381)
	at kafka.log.Log.deleteOldSegments(Log.scala:650)
	at kafka.log.Log.deleteRetenionMsBreachedSegments(Log.scala:680)
	at kafka.log.Log.deleteOldSegments(Log.scala:674)
	at kafka.log.LogManager$$anonfun$cleanupLogs$3.apply(LogManager.scala:429)
	at kafka.log.LogManager$$anonfun$cleanupLogs$3.apply(LogManager.scala:427)
	at scala.collection.TraversableLike$WithFilter$$anonfun$foreach$1.apply(TraversableLike.scala:733)
	at scala.collection.Iterator$class.foreach(Iterator.scala:893)
	at scala.collection.AbstractIterator.foreach(Iterator.scala:1336)
	at scala.collection.IterableLike$class.foreach(IterableLike.scala:72)
	at scala.collection.AbstractIterable.foreach(Iterable.scala:54)
	at scala.collection.TraversableLike$WithFilter.foreach(TraversableLike.scala:732)
	at kafka.log.LogManager.cleanupLogs(LogManager.scala:427)
	at kafka.log.LogManager$$anonfun$startup$1.apply$mcV$sp(LogManager.scala:191)
	at kafka.utils.KafkaScheduler$$anonfun$1.apply$mcV$sp(KafkaScheduler.scala:110)
	at kafka.utils.CoreUtils$$anon$1.run(CoreUtils.scala:58)
	at java.util.concurrent.Executors$RunnableAdapter.call(Executors.java:511)
	at java.util.concurrent.FutureTask.runAndReset(FutureTask.java:308)
	at java.util.concurrent.ScheduledThreadPoolExecutor$ScheduledFutureTask.access$301(ScheduledThreadPoolExecutor.java:180)
	at java.util.concurrent.ScheduledThreadPoolExecutor$ScheduledFutureTask.run(ScheduledThreadPoolExecutor.java:294)
	at java.util.concurrent.ThreadPoolExecutor.runWorker(ThreadPoolExecutor.java:1149)
	at java.util.concurrent.ThreadPoolExecutor$Worker.run(ThreadPoolExecutor.java:624)
	at java.lang.Thread.run(Thread.java:748)
Caused by: java.nio.file.FileSystemException: ..\kafka-logs\log-0\00000000000000002858.log -> ..\kafka-logs\log-0\00000000000000002858.log.deleted: The process cannot access the file because it is being used by another process.

	at sun.nio.fs.WindowsException.translateToIOException(WindowsException.java:86)
	at sun.nio.fs.WindowsException.rethrowAsIOException(WindowsException.java:97)
	at sun.nio.fs.WindowsFileCopy.move(WindowsFileCopy.java:387)
	at sun.nio.fs.WindowsFileSystemProvider.move(WindowsFileSystemProvider.java:287)
	at java.nio.file.Files.move(Files.java:1395)
	at org.apache.kafka.common.utils.Utils.atomicMoveWithFallback(Utils.java:670)
	at kafka.log.FileMessageSet.renameTo(FileMessageSet.scala:427)
	... 28 more
	Suppressed: java.nio.file.FileSystemException: ..\kafka-logs\log-0\00000000000000002858.log -> ..\kafka-logs\log-0\00000000000000002858.log.deleted: The process cannot access the file because it is being used by another process.

		at sun.nio.fs.WindowsException.translateToIOException(WindowsException.java:86)
		at sun.nio.fs.WindowsException.rethrowAsIOException(WindowsException.java:97)
		at sun.nio.fs.WindowsFileCopy.move(WindowsFileCopy.java:301)
		at sun.nio.fs.WindowsFileSystemProvider.move(WindowsFileSystemProvider.java:287)
		at java.nio.file.Files.move(Files.java:1395)
		at org.apache.kafka.common.utils.Utils.atomicMoveWithFallback(Utils.java:667)
		... 29 more
[2018-01-17 16:26:55,937] INFO [Group Metadata Manager on Broker 0]: Removed 0 expired offsets in 0 milliseconds. (kafka.coordinator.GroupMetadataManager)
[2018-01-17 16:36:55,962] INFO [Group Metadata Manager on Broker 0]: Removed 0 expired offsets in 0 milliseconds. (kafka.coordinator.GroupMetadataManager)
[2018-01-17 16:46:55,997] INFO [Group Metadata Manager on Broker 0]: Removed 0 expired offsets in 0 milliseconds. (kafka.coordinator.GroupMetadataManager)
[2018-01-17 16:56:56,074] INFO [Group Metadata Manager on Broker 0]: Removed 0 expired offsets in 0 milliseconds. (kafka.coordinator.GroupMetadataManager)
[2018-01-17 17:06:56,100] INFO [Group Metadata Manager on Broker 0]: Removed 0 expired offsets in 0 milliseconds. (kafka.coordinator.GroupMetadataManager)
[2018-01-17 17:16:56,127] INFO [Group Metadata Manager on Broker 0]: Removed 0 expired offsets in 0 milliseconds. (kafka.coordinator.GroupMetadataManager)
[2018-01-17 17:26:56,152] INFO [Group Metadata Manager on Broker 0]: Removed 0 expired offsets in 0 milliseconds. (kafka.coordinator.GroupMetadataManager)
[2018-01-17 17:36:56,178] INFO [Group Metadata Manager on Broker 0]: Removed 0 expired offsets in 0 milliseconds. (kafka.coordinator.GroupMetadataManager)
[2018-01-17 17:46:56,204] INFO [Group Metadata Manager on Broker 0]: Removed 0 expired offsets in 0 milliseconds. (kafka.coordinator.GroupMetadataManager)
[2018-01-17 17:56:56,230] INFO [Group Metadata Manager on Broker 0]: Removed 0 expired offsets in 0 milliseconds. (kafka.coordinator.GroupMetadataManager)
[2018-01-17 18:06:56,256] INFO [Group Metadata Manager on Broker 0]: Removed 0 expired offsets in 0 milliseconds. (kafka.coordinator.GroupMetadataManager)
[2018-01-17 18:16:56,282] INFO [Group Metadata Manager on Broker 0]: Removed 0 expired offsets in 0 milliseconds. (kafka.coordinator.GroupMetadataManager)
[2018-01-17 18:26:56,311] INFO [Group Metadata Manager on Broker 0]: Removed 0 expired offsets in 0 milliseconds. (kafka.coordinator.GroupMetadataManager)
[2018-01-17 18:36:56,390] INFO [Group Metadata Manager on Broker 0]: Removed 0 expired offsets in 0 milliseconds. (kafka.coordinator.GroupMetadataManager)
[2018-01-17 18:46:56,450] INFO [Group Metadata Manager on Broker 0]: Removed 0 expired offsets in 0 milliseconds. (kafka.coordinator.GroupMetadataManager)
[2018-01-17 18:56:56,475] INFO [Group Metadata Manager on Broker 0]: Removed 0 expired offsets in 0 milliseconds. (kafka.coordinator.GroupMetadataManager)
[2018-01-17 19:06:56,501] INFO [Group Metadata Manager on Broker 0]: Removed 0 expired offsets in 0 milliseconds. (kafka.coordinator.GroupMetadataManager)
[2018-01-17 19:16:56,527] INFO [Group Metadata Manager on Broker 0]: Removed 0 expired offsets in 0 milliseconds. (kafka.coordinator.GroupMetadataManager)
[2018-01-17 19:26:56,553] INFO [Group Metadata Manager on Broker 0]: Removed 0 expired offsets in 0 milliseconds. (kafka.coordinator.GroupMetadataManager)
[2018-01-17 19:36:56,586] INFO [Group Metadata Manager on Broker 0]: Removed 0 expired offsets in 0 milliseconds. (kafka.coordinator.GroupMetadataManager)
[2018-01-17 19:46:56,672] INFO [Group Metadata Manager on Broker 0]: Removed 0 expired offsets in 0 milliseconds. (kafka.coordinator.GroupMetadataManager)
[2018-01-17 19:56:56,751] INFO [Group Metadata Manager on Broker 0]: Removed 0 expired offsets in 0 milliseconds. (kafka.coordinator.GroupMetadataManager)
[2018-01-17 20:06:56,777] INFO [Group Metadata Manager on Broker 0]: Removed 0 expired offsets in 0 milliseconds. (kafka.coordinator.GroupMetadataManager)
[2018-01-17 20:16:56,803] INFO [Group Metadata Manager on Broker 0]: Removed 0 expired offsets in 0 milliseconds. (kafka.coordinator.GroupMetadataManager)
[2018-01-17 20:26:56,829] INFO [Group Metadata Manager on Broker 0]: Removed 0 expired offsets in 0 milliseconds. (kafka.coordinator.GroupMetadataManager)
[2018-01-17 20:36:56,855] INFO [Group Metadata Manager on Broker 0]: Removed 0 expired offsets in 0 milliseconds. (kafka.coordinator.GroupMetadataManager)
[2018-01-17 20:46:56,881] INFO [Group Metadata Manager on Broker 0]: Removed 0 expired offsets in 0 milliseconds. (kafka.coordinator.GroupMetadataManager)
[2018-01-17 20:56:56,907] INFO [Group Metadata Manager on Broker 0]: Removed 0 expired offsets in 0 milliseconds. (kafka.coordinator.GroupMetadataManager)
[2018-01-17 21:06:56,934] INFO [Group Metadata Manager on Broker 0]: Removed 0 expired offsets in 0 milliseconds. (kafka.coordinator.GroupMetadataManager)
[2018-01-17 21:16:56,958] INFO [Group Metadata Manager on Broker 0]: Removed 0 expired offsets in 0 milliseconds. (kafka.coordinator.GroupMetadataManager)
[2018-01-17 21:26:56,984] INFO [Group Metadata Manager on Broker 0]: Removed 0 expired offsets in 0 milliseconds. (kafka.coordinator.GroupMetadataManager)
[2018-01-17 21:36:57,010] INFO [Group Metadata Manager on Broker 0]: Removed 0 expired offsets in 0 milliseconds. (kafka.coordinator.GroupMetadataManager)
[2018-01-17 21:46:57,038] INFO [Group Metadata Manager on Broker 0]: Removed 0 expired offsets in 0 milliseconds. (kafka.coordinator.GroupMetadataManager)
[2018-01-17 21:56:57,114] INFO [Group Metadata Manager on Broker 0]: Removed 0 expired offsets in 0 milliseconds. (kafka.coordinator.GroupMetadataManager)
[2018-01-17 22:06:57,204] INFO [Group Metadata Manager on Broker 0]: Removed 0 expired offsets in 0 milliseconds. (kafka.coordinator.GroupMetadataManager)
[2018-01-17 22:16:57,264] INFO [Group Metadata Manager on Broker 0]: Removed 0 expired offsets in 0 milliseconds. (kafka.coordinator.GroupMetadataManager)
[2018-01-17 22:26:57,290] INFO [Group Metadata Manager on Broker 0]: Removed 0 expired offsets in 0 milliseconds. (kafka.coordinator.GroupMetadataManager)
[2018-01-17 22:36:57,316] INFO [Group Metadata Manager on Broker 0]: Removed 0 expired offsets in 0 milliseconds. (kafka.coordinator.GroupMetadataManager)
[2018-01-17 22:46:57,342] INFO [Group Metadata Manager on Broker 0]: Removed 0 expired offsets in 0 milliseconds. (kafka.coordinator.GroupMetadataManager)
[2018-01-17 22:56:57,368] INFO [Group Metadata Manager on Broker 0]: Removed 0 expired offsets in 0 milliseconds. (kafka.coordinator.GroupMetadataManager)
[2018-01-17 23:06:57,432] INFO [Group Metadata Manager on Broker 0]: Removed 0 expired offsets in 0 milliseconds. (kafka.coordinator.GroupMetadataManager)
[2018-01-17 23:16:57,480] INFO [Group Metadata Manager on Broker 0]: Removed 0 expired offsets in 0 milliseconds. (kafka.coordinator.GroupMetadataManager)
[2018-01-17 23:26:57,505] INFO [Group Metadata Manager on Broker 0]: Removed 0 expired offsets in 0 milliseconds. (kafka.coordinator.GroupMetadataManager)
[2018-01-17 23:36:57,532] INFO [Group Metadata Manager on Broker 0]: Removed 0 expired offsets in 0 milliseconds. (kafka.coordinator.GroupMetadataManager)
[2018-01-17 23:46:57,558] INFO [Group Metadata Manager on Broker 0]: Removed 0 expired offsets in 0 milliseconds. (kafka.coordinator.GroupMetadataManager)
[2018-01-17 23:56:57,583] INFO [Group Metadata Manager on Broker 0]: Removed 0 expired offsets in 0 milliseconds. (kafka.coordinator.GroupMetadataManager)
[2018-01-18 00:06:57,610] INFO [Group Metadata Manager on Broker 0]: Removed 0 expired offsets in 0 milliseconds. (kafka.coordinator.GroupMetadataManager)
[2018-01-18 00:16:57,697] INFO [Group Metadata Manager on Broker 0]: Removed 0 expired offsets in 0 milliseconds. (kafka.coordinator.GroupMetadataManager)
[2018-01-18 00:26:57,751] INFO [Group Metadata Manager on Broker 0]: Removed 0 expired offsets in 0 milliseconds. (kafka.coordinator.GroupMetadataManager)
[2018-01-18 00:36:57,777] INFO [Group Metadata Manager on Broker 0]: Removed 0 expired offsets in 0 milliseconds. (kafka.coordinator.GroupMetadataManager)
[2018-01-18 00:46:57,803] INFO [Group Metadata Manager on Broker 0]: Removed 0 expired offsets in 0 milliseconds. (kafka.coordinator.GroupMetadataManager)
[2018-01-18 00:56:57,829] INFO [Group Metadata Manager on Broker 0]: Removed 0 expired offsets in 0 milliseconds. (kafka.coordinator.GroupMetadataManager)
[2018-01-18 01:06:57,855] INFO [Group Metadata Manager on Broker 0]: Removed 0 expired offsets in 0 milliseconds. (kafka.coordinator.GroupMetadataManager)
[2018-01-18 01:16:57,880] INFO [Group Metadata Manager on Broker 0]: Removed 0 expired offsets in 0 milliseconds. (kafka.coordinator.GroupMetadataManager)
[2018-01-18 01:26:57,966] INFO [Group Metadata Manager on Broker 0]: Removed 0 expired offsets in 0 milliseconds. (kafka.coordinator.GroupMetadataManager)
[2018-01-18 01:36:58,023] INFO [Group Metadata Manager on Broker 0]: Removed 0 expired offsets in 0 milliseconds. (kafka.coordinator.GroupMetadataManager)
[2018-01-18 01:46:58,049] INFO [Group Metadata Manager on Broker 0]: Removed 0 expired offsets in 0 milliseconds. (kafka.coordinator.GroupMetadataManager)
[2018-01-18 01:56:58,075] INFO [Group Metadata Manager on Broker 0]: Removed 0 expired offsets in 0 milliseconds. (kafka.coordinator.GroupMetadataManager)
[2018-01-18 02:06:58,101] INFO [Group Metadata Manager on Broker 0]: Removed 0 expired offsets in 0 milliseconds. (kafka.coordinator.GroupMetadataManager)
[2018-01-18 02:16:58,127] INFO [Group Metadata Manager on Broker 0]: Removed 0 expired offsets in 0 milliseconds. (kafka.coordinator.GroupMetadataManager)
[2018-01-18 02:26:58,153] INFO [Group Metadata Manager on Broker 0]: Removed 0 expired offsets in 0 milliseconds. (kafka.coordinator.GroupMetadataManager)
[2018-01-18 02:36:58,178] INFO [Group Metadata Manager on Broker 0]: Removed 0 expired offsets in 0 milliseconds. (kafka.coordinator.GroupMetadataManager)
[2018-01-18 02:46:58,204] INFO [Group Metadata Manager on Broker 0]: Removed 0 expired offsets in 0 milliseconds. (kafka.coordinator.GroupMetadataManager)
[2018-01-18 02:56:58,230] INFO [Group Metadata Manager on Broker 0]: Removed 0 expired offsets in 0 milliseconds. (kafka.coordinator.GroupMetadataManager)
[2018-01-18 03:06:58,256] INFO [Group Metadata Manager on Broker 0]: Removed 0 expired offsets in 0 milliseconds. (kafka.coordinator.GroupMetadataManager)
[2018-01-18 03:16:58,282] INFO [Group Metadata Manager on Broker 0]: Removed 0 expired offsets in 0 milliseconds. (kafka.coordinator.GroupMetadataManager)
[2018-01-18 03:26:58,308] INFO [Group Metadata Manager on Broker 0]: Removed 0 expired offsets in 0 milliseconds. (kafka.coordinator.GroupMetadataManager)
[2018-01-18 03:36:58,373] INFO [Group Metadata Manager on Broker 0]: Removed 0 expired offsets in 0 milliseconds. (kafka.coordinator.GroupMetadataManager)
[2018-01-18 03:46:58,470] INFO [Group Metadata Manager on Broker 0]: Removed 0 expired offsets in 0 milliseconds. (kafka.coordinator.GroupMetadataManager)
[2018-01-18 03:56:58,556] INFO [Group Metadata Manager on Broker 0]: Removed 0 expired offsets in 0 milliseconds. (kafka.coordinator.GroupMetadataManager)
[2018-01-18 04:06:58,592] INFO [Group Metadata Manager on Broker 0]: Removed 0 expired offsets in 0 milliseconds. (kafka.coordinator.GroupMetadataManager)
[2018-01-18 04:16:58,618] INFO [Group Metadata Manager on Broker 0]: Removed 0 expired offsets in 0 milliseconds. (kafka.coordinator.GroupMetadataManager)
[2018-01-18 04:26:58,644] INFO [Group Metadata Manager on Broker 0]: Removed 0 expired offsets in 0 milliseconds. (kafka.coordinator.GroupMetadataManager)
[2018-01-18 04:36:58,670] INFO [Group Metadata Manager on Broker 0]: Removed 0 expired offsets in 0 milliseconds. (kafka.coordinator.GroupMetadataManager)
[2018-01-18 04:46:58,696] INFO [Group Metadata Manager on Broker 0]: Removed 0 expired offsets in 0 milliseconds. (kafka.coordinator.GroupMetadataManager)
[2018-01-18 04:56:58,721] INFO [Group Metadata Manager on Broker 0]: Removed 0 expired offsets in 0 milliseconds. (kafka.coordinator.GroupMetadataManager)
[2018-01-18 05:06:58,747] INFO [Group Metadata Manager on Broker 0]: Removed 0 expired offsets in 0 milliseconds. (kafka.coordinator.GroupMetadataManager)
[2018-01-18 05:16:58,773] INFO [Group Metadata Manager on Broker 0]: Removed 0 expired offsets in 0 milliseconds. (kafka.coordinator.GroupMetadataManager)
[2018-01-18 05:26:58,799] INFO [Group Metadata Manager on Broker 0]: Removed 0 expired offsets in 0 milliseconds. (kafka.coordinator.GroupMetadataManager)
[2018-01-18 05:36:58,825] INFO [Group Metadata Manager on Broker 0]: Removed 0 expired offsets in 0 milliseconds. (kafka.coordinator.GroupMetadataManager)
[2018-01-18 05:46:58,851] INFO [Group Metadata Manager on Broker 0]: Removed 0 expired offsets in 0 milliseconds. (kafka.coordinator.GroupMetadataManager)
[2018-01-18 05:56:58,946] INFO [Group Metadata Manager on Broker 0]: Removed 0 expired offsets in 0 milliseconds. (kafka.coordinator.GroupMetadataManager)
[2018-01-18 06:06:59,032] INFO [Group Metadata Manager on Broker 0]: Removed 0 expired offsets in 0 milliseconds. (kafka.coordinator.GroupMetadataManager)
[2018-01-18 06:16:59,079] INFO [Group Metadata Manager on Broker 0]: Removed 0 expired offsets in 0 milliseconds. (kafka.coordinator.GroupMetadataManager)
[2018-01-18 06:26:59,105] INFO [Group Metadata Manager on Broker 0]: Removed 0 expired offsets in 0 milliseconds. (kafka.coordinator.GroupMetadataManager)
[2018-01-18 06:36:59,132] INFO [Group Metadata Manager on Broker 0]: Removed 0 expired offsets in 0 milliseconds. (kafka.coordinator.GroupMetadataManager)
[2018-01-18 06:46:59,157] INFO [Group Metadata Manager on Broker 0]: Removed 0 expired offsets in 0 milliseconds. (kafka.coordinator.GroupMetadataManager)
[2018-01-18 06:56:59,183] INFO [Group Metadata Manager on Broker 0]: Removed 0 expired offsets in 0 milliseconds. (kafka.coordinator.GroupMetadataManager)
[2018-01-18 07:06:59,209] INFO [Group Metadata Manager on Broker 0]: Removed 0 expired offsets in 0 milliseconds. (kafka.coordinator.GroupMetadataManager)
[2018-01-18 07:16:59,234] INFO [Group Metadata Manager on Broker 0]: Removed 0 expired offsets in 0 milliseconds. (kafka.coordinator.GroupMetadataManager)
[2018-01-18 07:26:59,260] INFO [Group Metadata Manager on Broker 0]: Removed 0 expired offsets in 0 milliseconds. (kafka.coordinator.GroupMetadataManager)
[2018-01-18 07:36:59,286] INFO [Group Metadata Manager on Broker 0]: Removed 0 expired offsets in 0 milliseconds. (kafka.coordinator.GroupMetadataManager)
[2018-01-18 07:46:59,312] INFO [Group Metadata Manager on Broker 0]: Removed 0 expired offsets in 0 milliseconds. (kafka.coordinator.GroupMetadataManager)
[2018-01-18 07:56:59,338] INFO [Group Metadata Manager on Broker 0]: Removed 0 expired offsets in 0 milliseconds. (kafka.coordinator.GroupMetadataManager)
[2018-01-18 08:06:59,364] INFO [Group Metadata Manager on Broker 0]: Removed 0 expired offsets in 0 milliseconds. (kafka.coordinator.GroupMetadataManager)
[2018-01-18 08:16:59,536] INFO [Group Metadata Manager on Broker 0]: Removed 0 expired offsets in 0 milliseconds. (kafka.coordinator.GroupMetadataManager)
[2018-01-18 08:26:59,596] INFO [Group Metadata Manager on Broker 0]: Removed 0 expired offsets in 0 milliseconds. (kafka.coordinator.GroupMetadataManager)
[2018-01-18 08:36:59,622] INFO [Group Metadata Manager on Broker 0]: Removed 0 expired offsets in 0 milliseconds. (kafka.coordinator.GroupMetadataManager)
[2018-01-18 08:46:59,648] INFO [Group Metadata Manager on Broker 0]: Removed 0 expired offsets in 0 milliseconds. (kafka.coordinator.GroupMetadataManager)
[2018-01-18 08:56:59,674] INFO [Group Metadata Manager on Broker 0]: Removed 0 expired offsets in 0 milliseconds. (kafka.coordinator.GroupMetadataManager)
[2018-01-18 09:06:59,700] INFO [Group Metadata Manager on Broker 0]: Removed 0 expired offsets in 0 milliseconds. (kafka.coordinator.GroupMetadataManager)
[2018-01-18 09:16:59,726] INFO [Group Metadata Manager on Broker 0]: Removed 0 expired offsets in 0 milliseconds. (kafka.coordinator.GroupMetadataManager)
[2018-01-18 09:26:59,752] INFO [Group Metadata Manager on Broker 0]: Removed 0 expired offsets in 0 milliseconds. (kafka.coordinator.GroupMetadataManager)
[2018-01-18 09:36:59,778] INFO [Group Metadata Manager on Broker 0]: Removed 0 expired offsets in 0 milliseconds. (kafka.coordinator.GroupMetadataManager)
[2018-01-18 09:46:59,804] INFO [Group Metadata Manager on Broker 0]: Removed 0 expired offsets in 0 milliseconds. (kafka.coordinator.GroupMetadataManager)
[2018-01-18 09:56:59,829] INFO [Group Metadata Manager on Broker 0]: Removed 0 expired offsets in 0 milliseconds. (kafka.coordinator.GroupMetadataManager)
[2018-01-18 10:06:59,855] INFO [Group Metadata Manager on Broker 0]: Removed 0 expired offsets in 0 milliseconds. (kafka.coordinator.GroupMetadataManager)
[2018-01-18 10:16:59,881] INFO [Group Metadata Manager on Broker 0]: Removed 0 expired offsets in 0 milliseconds. (kafka.coordinator.GroupMetadataManager)
[2018-01-18 10:26:59,929] INFO [Group Metadata Manager on Broker 0]: Removed 0 expired offsets in 0 milliseconds. (kafka.coordinator.GroupMetadataManager)
[2018-01-18 10:37:00,015] INFO [Group Metadata Manager on Broker 0]: Removed 0 expired offsets in 0 milliseconds. (kafka.coordinator.GroupMetadataManager)
[2018-01-18 10:47:00,049] INFO [Group Metadata Manager on Broker 0]: Removed 0 expired offsets in 0 milliseconds. (kafka.coordinator.GroupMetadataManager)
[2018-01-18 10:57:00,075] INFO [Group Metadata Manager on Broker 0]: Removed 0 expired offsets in 0 milliseconds. (kafka.coordinator.GroupMetadataManager)
[2018-01-18 11:07:00,101] INFO [Group Metadata Manager on Broker 0]: Removed 0 expired offsets in 0 milliseconds. (kafka.coordinator.GroupMetadataManager)
[2018-01-18 11:17:00,127] INFO [Group Metadata Manager on Broker 0]: Removed 0 expired offsets in 0 milliseconds. (kafka.coordinator.GroupMetadataManager)
[2018-01-18 11:27:00,153] INFO [Group Metadata Manager on Broker 0]: Removed 0 expired offsets in 0 milliseconds. (kafka.coordinator.GroupMetadataManager)
[2018-01-18 11:37:00,179] INFO [Group Metadata Manager on Broker 0]: Removed 0 expired offsets in 0 milliseconds. (kafka.coordinator.GroupMetadataManager)
[2018-01-18 11:47:00,205] INFO [Group Metadata Manager on Broker 0]: Removed 0 expired offsets in 0 milliseconds. (kafka.coordinator.GroupMetadataManager)
[2018-01-18 11:57:00,231] INFO [Group Metadata Manager on Broker 0]: Removed 0 expired offsets in 0 milliseconds. (kafka.coordinator.GroupMetadataManager)
[2018-01-18 12:07:00,256] INFO [Group Metadata Manager on Broker 0]: Removed 0 expired offsets in 0 milliseconds. (kafka.coordinator.GroupMetadataManager)
[2018-01-18 12:17:00,282] INFO [Group Metadata Manager on Broker 0]: Removed 0 expired offsets in 0 milliseconds. (kafka.coordinator.GroupMetadataManager)
[2018-01-18 12:27:00,309] INFO [Group Metadata Manager on Broker 0]: Removed 0 expired offsets in 0 milliseconds. (kafka.coordinator.GroupMetadataManager)
[2018-01-18 12:37:00,334] INFO [Group Metadata Manager on Broker 0]: Removed 0 expired offsets in 0 milliseconds. (kafka.coordinator.GroupMetadataManager)
[2018-01-18 12:47:00,462] INFO [Group Metadata Manager on Broker 0]: Removed 0 expired offsets in 0 milliseconds. (kafka.coordinator.GroupMetadataManager)
[2018-01-18 12:57:00,548] INFO [Group Metadata Manager on Broker 0]: Removed 0 expired offsets in 0 milliseconds. (kafka.coordinator.GroupMetadataManager)
[2018-01-18 13:07:00,622] INFO [Group Metadata Manager on Broker 0]: Removed 0 expired offsets in 0 milliseconds. (kafka.coordinator.GroupMetadataManager)
[2018-01-18 13:17:00,648] INFO [Group Metadata Manager on Broker 0]: Removed 0 expired offsets in 0 milliseconds. (kafka.coordinator.GroupMetadataManager)
[2018-01-18 13:27:00,674] INFO [Group Metadata Manager on Broker 0]: Removed 0 expired offsets in 0 milliseconds. (kafka.coordinator.GroupMetadataManager)
[2018-01-18 13:37:00,718] INFO [Group Metadata Manager on Broker 0]: Removed 0 expired offsets in 0 milliseconds. (kafka.coordinator.GroupMetadataManager)
[2018-01-18 13:47:00,726] INFO [Group Metadata Manager on Broker 0]: Removed 0 expired offsets in 0 milliseconds. (kafka.coordinator.GroupMetadataManager)
[2018-01-18 13:57:00,764] INFO [Group Metadata Manager on Broker 0]: Removed 0 expired offsets in 0 milliseconds. (kafka.coordinator.GroupMetadataManager)
[2018-01-18 14:07:00,778] INFO [Group Metadata Manager on Broker 0]: Removed 0 expired offsets in 0 milliseconds. (kafka.coordinator.GroupMetadataManager)
[2018-01-18 14:17:00,804] INFO [Group Metadata Manager on Broker 0]: Removed 0 expired offsets in 0 milliseconds. (kafka.coordinator.GroupMetadataManager)
[2018-01-18 14:27:00,830] INFO [Group Metadata Manager on Broker 0]: Removed 0 expired offsets in 0 milliseconds. (kafka.coordinator.GroupMetadataManager)
[2018-01-18 14:37:00,856] INFO [Group Metadata Manager on Broker 0]: Removed 0 expired offsets in 0 milliseconds. (kafka.coordinator.GroupMetadataManager)
[2018-01-18 14:47:00,882] INFO [Group Metadata Manager on Broker 0]: Removed 0 expired offsets in 0 milliseconds. (kafka.coordinator.GroupMetadataManager)
[2018-01-18 14:57:00,915] INFO [Group Metadata Manager on Broker 0]: Removed 0 expired offsets in 0 milliseconds. (kafka.coordinator.GroupMetadataManager)
[2018-01-18 15:07:01,027] INFO [Group Metadata Manager on Broker 0]: Removed 0 expired offsets in 0 milliseconds. (kafka.coordinator.GroupMetadataManager)
[2018-01-18 15:17:01,109] INFO [Group Metadata Manager on Broker 0]: Removed 0 expired offsets in 0 milliseconds. (kafka.coordinator.GroupMetadataManager)
[2018-01-18 15:27:01,135] INFO [Group Metadata Manager on Broker 0]: Removed 0 expired offsets in 0 milliseconds. (kafka.coordinator.GroupMetadataManager)
[2018-01-18 15:37:01,175] INFO [Group Metadata Manager on Broker 0]: Removed 0 expired offsets in 14 milliseconds. (kafka.coordinator.GroupMetadataManager)
[2018-01-18 15:47:01,187] INFO [Group Metadata Manager on Broker 0]: Removed 0 expired offsets in 0 milliseconds. (kafka.coordinator.GroupMetadataManager)
[2018-01-18 15:57:01,213] INFO [Group Metadata Manager on Broker 0]: Removed 0 expired offsets in 0 milliseconds. (kafka.coordinator.GroupMetadataManager)
[2018-01-18 16:07:01,239] INFO [Group Metadata Manager on Broker 0]: Removed 0 expired offsets in 0 milliseconds. (kafka.coordinator.GroupMetadataManager)
